\BOOKMARK [1][-]{section*.1}{\376\377\000T\000a\000b\000l\000e\000\040\000o\000f\000\040\000C\000o\000n\000t\000e\000n\000t\000s}{}% 1
\BOOKMARK [1][-]{section.1}{\376\377\000I\000N\000T\000R\000O\000D\000U\000C\000T\000I\000O\000N}{}% 2
\BOOKMARK [2][-]{subsection.1.1}{\376\377\000B\000a\000c\000k\000g\000r\000o\000u\000n\000d\000\040\000I\000n\000f\000o\000r\000m\000a\000t\000i\000o\000n}{section.1}% 3
\BOOKMARK [2][-]{subsection.1.2}{\376\377\000A\000l\000p\000h\000a\000b\000e\000t\000i\000c\000a\000l\000\040\000L\000i\000s\000t\000\040\000o\000f\000\040\000V\000a\000r\000i\000a\000b\000l\000e\000s\000\040}{section.1}% 4
\BOOKMARK [2][-]{subsection.1.3}{\376\377\000C\000o\000n\000s\000t\000a\000n\000t\000s\000\040\000a\000n\000d\000\040\000S\000y\000m\000b\000o\000l\000s}{section.1}% 5
\BOOKMARK [1][-]{section.2}{\376\377\000G\000E\000N\000E\000R\000A\000L\000\040\000I\000N\000F\000O\000R\000M\000A\000T\000I\000O\000N}{}% 6
\BOOKMARK [2][-]{subsection.2.1}{\376\377\000S\000y\000s\000t\000e\000m\000\040\000o\000f\000\040\000U\000n\000i\000t\000s}{section.2}% 7
\BOOKMARK [2][-]{subsection.2.2}{\376\377\000V\000a\000r\000i\000a\000b\000l\000e\000s\000\040\000U\000s\000e\000d\000\040\000T\000o\000\040\000D\000e\000n\000o\000t\000e\000\040\000T\000i\000m\000e}{section.2}% 8
\BOOKMARK [2][-]{subsection.2.3}{\376\377\000S\000y\000n\000c\000h\000r\000o\000n\000i\000z\000a\000t\000i\000o\000n\000\040\000o\000f\000\040\000M\000e\000a\000s\000u\000r\000e\000m\000e\000n\000t\000s}{section.2}% 9
\BOOKMARK [2][-]{subsection.2.4}{\376\377\000O\000t\000h\000e\000r\000\040\000C\000o\000m\000m\000e\000n\000t\000s\000\040\000O\000n\000\040\000T\000e\000r\000m\000i\000n\000o\000l\000o\000g\000y}{section.2}% 10
\BOOKMARK [1][-]{section.3}{\376\377\000T\000H\000E\000\040\000S\000T\000A\000T\000E\000\040\000O\000F\000\040\000T\000H\000E\000\040\000A\000I\000R\000C\000R\000A\000F\000T}{}% 11
\BOOKMARK [2][-]{subsection.3.1}{\376\377\000I\000n\000e\000r\000t\000i\000a\000l\000\040\000R\000e\000f\000e\000r\000e\000n\000c\000e\000\040\000S\000y\000s\000t\000e\000m\000s}{section.3}% 12
\BOOKMARK [2][-]{subsection.3.2}{\376\377\000G\000l\000o\000b\000a\000l\000\040\000P\000o\000s\000i\000t\000i\000o\000n\000i\000n\000g\000\040\000S\000y\000s\000t\000e\000m\000s}{section.3}% 13
\BOOKMARK [2][-]{subsection.3.3}{\376\377\000O\000t\000h\000e\000r\000\040\000M\000e\000a\000s\000u\000r\000e\000m\000e\000n\000t\000s\000\040\000o\000f\000\040\000A\000i\000r\000c\000r\000a\000f\000t\000\040\000A\000l\000t\000i\000t\000u\000d\000e}{section.3}% 14
\BOOKMARK [2][-]{subsection.3.4}{\376\377\000C\000o\000m\000b\000i\000n\000i\000n\000g\000\040\000I\000R\000S\000\040\000a\000n\000d\000\040\000G\000P\000S\000\040\000M\000e\000a\000s\000u\000r\000e\000m\000e\000n\000t\000s}{section.3}% 15
\BOOKMARK [1][-]{section.4}{\376\377\000T\000H\000E\000\040\000S\000T\000A\000T\000E\000\040\000O\000F\000\040\000T\000H\000E\000\040\000A\000T\000M\000O\000S\000P\000H\000E\000R\000E}{}% 16
\BOOKMARK [2][-]{subsection.4.1}{\376\377\000I\000n\000f\000o\000r\000m\000a\000t\000i\000o\000n\000\040\000o\000n\000\040\000I\000n\000s\000t\000r\000u\000m\000e\000n\000t\000s\000\040\000a\000n\000d\000\040\000C\000a\000l\000i\000b\000r\000a\000t\000i\000o\000n\000s}{section.4}% 17
\BOOKMARK [2][-]{subsection.4.2}{\376\377\000V\000a\000r\000i\000a\000b\000l\000e\000\040\000N\000a\000m\000e\000s}{section.4}% 18
\BOOKMARK [2][-]{subsection.4.3}{\376\377\000P\000r\000e\000s\000s\000u\000r\000e}{section.4}% 19
\BOOKMARK [2][-]{subsection.4.4}{\376\377\000T\000e\000m\000p\000e\000r\000a\000t\000u\000r\000e}{section.4}% 20
\BOOKMARK [2][-]{subsection.4.5}{\376\377\000H\000u\000m\000i\000d\000i\000t\000y}{section.4}% 21
\BOOKMARK [2][-]{subsection.4.6}{\376\377\000D\000e\000r\000i\000v\000e\000d\000\040\000T\000h\000e\000r\000m\000o\000d\000y\000n\000a\000m\000i\000c\000\040\000V\000a\000r\000i\000a\000b\000l\000e\000s}{section.4}% 22
\BOOKMARK [2][-]{subsection.4.7}{\376\377\000W\000i\000n\000d}{section.4}% 23
\BOOKMARK [2][-]{subsection.4.8}{\376\377\000S\000p\000e\000c\000i\000a\000l\000-\000U\000s\000e\000\040\000R\000e\000m\000o\000t\000e\000\040\000S\000e\000n\000s\000o\000r\000s}{section.4}% 24
\BOOKMARK [1][-]{section.5}{\376\377\000C\000L\000O\000U\000D\000\040\000P\000H\000Y\000S\000I\000C\000S\000\040\000V\000A\000R\000I\000A\000B\000L\000E\000S}{}% 25
\BOOKMARK [2][-]{subsection.5.1}{\376\377\000M\000e\000a\000s\000u\000r\000e\000m\000e\000n\000t\000s\000\040\000o\000f\000\040\000L\000i\000q\000u\000i\000d\000\040\000W\000a\000t\000e\000r\000\040\000C\000o\000n\000t\000e\000n\000t}{section.5}% 26
\BOOKMARK [2][-]{subsection.5.2}{\376\377\000S\000e\000n\000s\000o\000r\000s\000\040\000o\000f\000\040\000I\000n\000d\000i\000v\000i\000d\000u\000a\000l\000\040\000P\000a\000r\000t\000i\000c\000l\000e\000s\000\040\000\050\0001\000-\000D\000\040\000P\000r\000o\000b\000e\000s\000\051}{section.5}% 27
\BOOKMARK [2][-]{subsection.5.3}{\376\377\000H\000y\000d\000r\000o\000m\000e\000t\000e\000o\000r\000\040\000I\000m\000a\000g\000i\000n\000g\000\040\000P\000r\000o\000b\000e\000s}{section.5}% 28
\BOOKMARK [1][-]{section.6}{\376\377\000A\000I\000R\000\040\000C\000H\000E\000M\000I\000S\000T\000R\000Y\000\040\000M\000E\000A\000S\000U\000R\000E\000M\000E\000N\000T\000S}{}% 29
\BOOKMARK [2][-]{subsection.6.1}{\376\377\000V\000a\000r\000i\000a\000b\000l\000e\000s\000\040\000i\000n\000\040\000S\000t\000a\000n\000d\000a\000r\000d\000\040\000D\000a\000t\000a\000\040\000F\000i\000l\000e\000s}{section.6}% 30
\BOOKMARK [2][-]{subsection.6.2}{\376\377\000V\000a\000r\000i\000a\000b\000l\000e\000s\000\040\000i\000n\000\040\000S\000p\000e\000c\000i\000a\000l\000\040\000D\000a\000t\000a\000\040\000S\000e\000t\000s}{section.6}% 31
\BOOKMARK [1][-]{section.7}{\376\377\000A\000E\000R\000O\000S\000O\000L\000\040\000P\000A\000R\000T\000I\000C\000L\000E\000\040\000M\000E\000A\000S\000U\000R\000E\000M\000E\000N\000T\000S}{}% 32
\BOOKMARK [2][-]{subsection.7.1}{\376\377\000C\000o\000n\000d\000e\000n\000s\000a\000t\000i\000o\000n\000\040\000N\000u\000c\000l\000e\000u\000s\000\040\000C\000o\000u\000n\000t\000e\000r\000s}{section.7}% 33
\BOOKMARK [2][-]{subsection.7.2}{\376\377\000A\000e\000r\000o\000s\000o\000l\000\040\000S\000p\000e\000c\000t\000r\000o\000m\000e\000t\000e\000r\000s}{section.7}% 34
\BOOKMARK [2][-]{subsection.7.3}{\376\377\000S\000p\000e\000c\000i\000a\000l\000\040\000A\000e\000r\000o\000s\000o\000l\000\040\000M\000e\000a\000s\000u\000r\000e\000m\000e\000n\000t\000s}{section.7}% 35
\BOOKMARK [1][-]{section.8}{\376\377\000R\000A\000D\000I\000A\000T\000I\000O\000N\000\040\000V\000A\000R\000I\000A\000B\000L\000E\000S}{}% 36
\BOOKMARK [2][-]{subsection.8.1}{\376\377\000M\000e\000a\000s\000u\000r\000e\000m\000e\000n\000t\000s\000\040\000o\000f\000\040\000I\000r\000r\000a\000d\000i\000a\000n\000c\000e\000\040\000a\000n\000d\000\040\000R\000a\000d\000i\000o\000m\000e\000t\000r\000i\000c\000\040\000T\000e\000m\000p\000e\000r\000a\000t\000u\000r\000e}{section.8}% 37
\BOOKMARK [2][-]{subsection.8.2}{\376\377\000S\000p\000e\000c\000t\000r\000a\000l\000\040\000I\000r\000r\000a\000d\000i\000a\000n\000c\000e\000\040\000a\000n\000d\000\040\000A\000c\000t\000i\000n\000i\000c\000\040\000F\000l\000u\000x}{section.8}% 38
\BOOKMARK [2][-]{subsection.8.3}{\376\377\000S\000o\000l\000a\000r\000\040\000A\000n\000g\000l\000e\000s}{section.8}% 39
\BOOKMARK [1][-]{section.9}{\376\377\000E\000X\000P\000E\000R\000I\000M\000E\000N\000T\000A\000L\000\040\000V\000A\000R\000I\000A\000B\000L\000E\000S}{}% 40
\BOOKMARK [1][-]{section.10}{\376\377\000O\000B\000S\000O\000L\000E\000T\000E\000\040\000V\000A\000R\000I\000A\000B\000L\000E\000S}{}% 41
\BOOKMARK [1][-]{section*.4}{\376\377\000L\000i\000s\000t\000\040\000o\000f\000\040\000S\000y\000m\000b\000o\000l\000s}{}% 42
\BOOKMARK [1][-]{section*.6}{\376\377\000V\000a\000r\000i\000a\000b\000l\000e\000\040\000N\000a\000m\000e\000s}{}% 43
\BOOKMARK [1][-]{section*.8}{\376\377\000I\000n\000d\000e\000x}{}% 44
