This is pdfTeX, Version 3.14159265-2.6-1.40.17 (TeX Live 2016) (preloaded format=pdflatex 2017.8.1)  8 JUN 2018 07:37
entering extended mode
 restricted \write18 enabled.
 %&-line parsing enabled.
**ProcessingAlgorithms
(./ProcessingAlgorithms.tex
LaTeX2e <2016/03/31>
Babel <3.9r> and hyphenation patterns for 79 language(s) loaded.
(/usr/share/texlive/texmf-dist/tex/latex/base/article.cls
Document Class: article 2014/09/29 v1.4h Standard LaTeX document class
(/usr/share/texlive/texmf-dist/tex/latex/base/size12.clo
File: size12.clo 2014/09/29 v1.4h Standard LaTeX file (size option)
)
\c@part=\count79
\c@section=\count80
\c@subsection=\count81
\c@subsubsection=\count82
\c@paragraph=\count83
\c@subparagraph=\count84
\c@figure=\count85
\c@table=\count86
\abovecaptionskip=\skip41
\belowcaptionskip=\skip42
\bibindent=\dimen102
)
(/usr/share/texlive/texmf-dist/tex/latex/psnfss/mathptmx.sty
Package: mathptmx 2005/04/12 PSNFSS-v9.2a Times w/ Math, improved (SPQR, WaS) 
LaTeX Font Info:    Redeclaring symbol font `operators' on input line 28.
LaTeX Font Info:    Overwriting symbol font `operators' in version `normal'
(Font)                  OT1/cmr/m/n --> OT1/ztmcm/m/n on input line 28.
LaTeX Font Info:    Overwriting symbol font `operators' in version `bold'
(Font)                  OT1/cmr/bx/n --> OT1/ztmcm/m/n on input line 28.
LaTeX Font Info:    Redeclaring symbol font `letters' on input line 29.
LaTeX Font Info:    Overwriting symbol font `letters' in version `normal'
(Font)                  OML/cmm/m/it --> OML/ztmcm/m/it on input line 29.
LaTeX Font Info:    Overwriting symbol font `letters' in version `bold'
(Font)                  OML/cmm/b/it --> OML/ztmcm/m/it on input line 29.
LaTeX Font Info:    Redeclaring symbol font `symbols' on input line 30.
LaTeX Font Info:    Overwriting symbol font `symbols' in version `normal'
(Font)                  OMS/cmsy/m/n --> OMS/ztmcm/m/n on input line 30.
LaTeX Font Info:    Overwriting symbol font `symbols' in version `bold'
(Font)                  OMS/cmsy/b/n --> OMS/ztmcm/m/n on input line 30.
LaTeX Font Info:    Redeclaring symbol font `largesymbols' on input line 31.
LaTeX Font Info:    Overwriting symbol font `largesymbols' in version `normal'
(Font)                  OMX/cmex/m/n --> OMX/ztmcm/m/n on input line 31.
LaTeX Font Info:    Overwriting symbol font `largesymbols' in version `bold'
(Font)                  OMX/cmex/m/n --> OMX/ztmcm/m/n on input line 31.
\symbold=\mathgroup4
\symitalic=\mathgroup5
LaTeX Font Info:    Redeclaring math alphabet \mathbf on input line 34.
LaTeX Font Info:    Overwriting math alphabet `\mathbf' in version `normal'
(Font)                  OT1/cmr/bx/n --> OT1/ptm/bx/n on input line 34.
LaTeX Font Info:    Overwriting math alphabet `\mathbf' in version `bold'
(Font)                  OT1/cmr/bx/n --> OT1/ptm/bx/n on input line 34.
LaTeX Font Info:    Redeclaring math alphabet \mathit on input line 35.
LaTeX Font Info:    Overwriting math alphabet `\mathit' in version `normal'
(Font)                  OT1/cmr/m/it --> OT1/ptm/m/it on input line 35.
LaTeX Font Info:    Overwriting math alphabet `\mathit' in version `bold'
(Font)                  OT1/cmr/bx/it --> OT1/ptm/m/it on input line 35.
LaTeX Info: Redefining \hbar on input line 50.
)
(/usr/share/texlive/texmf-dist/tex/latex/psnfss/helvet.sty
Package: helvet 2005/04/12 PSNFSS-v9.2a (WaS) 

(/usr/share/texlive/texmf-dist/tex/latex/graphics/keyval.sty
Package: keyval 2014/10/28 v1.15 key=value parser (DPC)
\KV@toks@=\toks14
))
(/usr/share/texlive/texmf-dist/tex/latex/base/fontenc.sty
Package: fontenc 2005/09/27 v1.99g Standard LaTeX package

(/usr/share/texlive/texmf-dist/tex/latex/greek-fontenc/lgrenc.def
File: lgrenc.def 2015/12/07 v0.13.1 LGR Greek font encoding definitions

(/usr/share/texlive/texmf-dist/tex/latex/greek-fontenc/greek-fontenc.def
File: greek-fontenc.def 2015/08/04 v0.13 Common Greek font encoding definitions

))
(/usr/share/texlive/texmf-dist/tex/latex/base/t1enc.def
File: t1enc.def 2005/09/27 v1.99g Standard LaTeX file
LaTeX Font Info:    Redeclaring font encoding T1 on input line 48.
))
(/usr/share/texlive/texmf-dist/tex/latex/base/inputenc.sty
Package: inputenc 2015/03/17 v1.2c Input encoding file
\inpenc@prehook=\toks15
\inpenc@posthook=\toks16

(/usr/share/texlive/texmf-dist/tex/latex/base/latin9.def
File: latin9.def 2015/03/17 v1.2c Input encoding file
))
(/usr/share/texlive/texmf-dist/tex/latex/geometry/geometry.sty
Package: geometry 2010/09/12 v5.6 Page Geometry

(/usr/share/texlive/texmf-dist/tex/generic/oberdiek/ifpdf.sty
Package: ifpdf 2017/03/15 v3.2 Provides the ifpdf switch
)
(/usr/share/texlive/texmf-dist/tex/generic/oberdiek/ifvtex.sty
Package: ifvtex 2016/05/16 v1.6 Detect VTeX and its facilities (HO)
Package ifvtex Info: VTeX not detected.
)
(/usr/share/texlive/texmf-dist/tex/generic/ifxetex/ifxetex.sty
Package: ifxetex 2010/09/12 v0.6 Provides ifxetex conditional
)
\Gm@cnth=\count87
\Gm@cntv=\count88
\c@Gm@tempcnt=\count89
\Gm@bindingoffset=\dimen103
\Gm@wd@mp=\dimen104
\Gm@odd@mp=\dimen105
\Gm@even@mp=\dimen106
\Gm@layoutwidth=\dimen107
\Gm@layoutheight=\dimen108
\Gm@layouthoffset=\dimen109
\Gm@layoutvoffset=\dimen110
\Gm@dimlist=\toks17
)
(/usr/share/texlive/texmf-dist/tex/latex/fancyhdr/fancyhdr.sty
\fancy@headwidth=\skip43
\f@ncyO@elh=\skip44
\f@ncyO@erh=\skip45
\f@ncyO@olh=\skip46
\f@ncyO@orh=\skip47
\f@ncyO@elf=\skip48
\f@ncyO@erf=\skip49
\f@ncyO@olf=\skip50
\f@ncyO@orf=\skip51
)
(/usr/share/texlive/texmf-dist/tex/latex/graphics/color.sty
Package: color 2016/05/09 v1.1c Standard LaTeX Color (DPC)

(/usr/share/texlive/texmf-dist/tex/latex/graphics-cfg/color.cfg
File: color.cfg 2016/01/02 v1.6 sample color configuration
)
Package color Info: Driver file: pdftex.def on input line 144.

(/usr/share/texlive/texmf-dist/tex/latex/graphics-def/pdftex.def
File: pdftex.def 2016/07/10 v0.06j Graphics/color for pdfTeX

(/usr/share/texlive/texmf-dist/tex/generic/oberdiek/infwarerr.sty
Package: infwarerr 2016/05/16 v1.4 Providing info/warning/error messages (HO)
)
(/usr/share/texlive/texmf-dist/tex/generic/oberdiek/ltxcmds.sty
Package: ltxcmds 2016/05/16 v1.23 LaTeX kernel commands for general use (HO)
)
\Gread@gobject=\count90
))
\GPT@outputbox=\box26

(/usr/share/texlive/texmf-dist/tex/generic/babel/babel.sty
Package: babel 2016/04/23 3.9r The Babel package

(/usr/share/texlive/texmf-dist/tex/generic/babel-english/english.ldf
Language: english 2012/08/20 v3.3p English support from the babel system

(/usr/share/texlive/texmf-dist/tex/generic/babel/babel.def
File: babel.def 2016/04/23 3.9r Babel common definitions
\babel@savecnt=\count91
\U@D=\dimen111
)
\l@canadian = a dialect from \language\l@american 
\l@australian = a dialect from \language\l@british 
\l@newzealand = a dialect from \language\l@british 
))
(/usr/share/texlive/texmf-dist/tex/latex/tools/array.sty
Package: array 2014/10/28 v2.4c Tabular extension package (FMi)
\col@sep=\dimen112
\extrarowheight=\dimen113
\NC@list=\toks18
\extratabsurround=\skip52
\backup@length=\skip53
)
(/usr/share/texlive/texmf-dist/tex/latex/tools/verbatim.sty
Package: verbatim 2014/10/28 v1.5q LaTeX2e package for verbatim enhancements
\every@verbatim=\toks19
\verbatim@line=\toks20
\verbatim@in@stream=\read1
)
(/usr/share/texlive/texmf-dist/tex/latex/tools/longtable.sty
Package: longtable 2014/10/28 v4.11 Multi-page Table package (DPC)
\LTleft=\skip54
\LTright=\skip55
\LTpre=\skip56
\LTpost=\skip57
\LTchunksize=\count92
\LTcapwidth=\dimen114
\LT@head=\box27
\LT@firsthead=\box28
\LT@foot=\box29
\LT@lastfoot=\box30
\LT@cols=\count93
\LT@rows=\count94
\c@LT@tables=\count95
\c@LT@chunks=\count96
\LT@p@ftn=\toks21
)
(/usr/share/texlive/texmf-dist/tex/latex/tools/varioref.sty
Package: varioref 2016/02/16 v1.5c package for extended references (FMi)
\c@vrcnt=\count97
)
(/usr/share/texlive/texmf-dist/tex/latex/prettyref/prettyref.sty
Package: prettyref 1998/07/09 v3.0
)
(/usr/share/texlive/texmf-dist/tex/latex/fancybox/fancybox.sty
Package: fancybox 2010/05/15 1.4

Style option: `fancybox' v1.4 <2010/05/15> (tvz)
\@fancybox=\box31
\shadowsize=\dimen115
\@Sbox=\box32
\do@VerbBox=\toks22
\the@fancyput=\toks23
\this@fancyput=\toks24
\EndVerbatimTokens=\toks25
\Verbatim@Outfile=\write3
\Verbatim@Infile=\read2
) (/usr/share/texlive/texmf-dist/tex/latex/tools/calc.sty
Package: calc 2014/10/28 v4.3 Infix arithmetic (KKT,FJ)
\calc@Acount=\count98
\calc@Bcount=\count99
\calc@Adimen=\dimen116
\calc@Bdimen=\dimen117
\calc@Askip=\skip58
\calc@Bskip=\skip59
LaTeX Info: Redefining \setlength on input line 80.
LaTeX Info: Redefining \addtolength on input line 81.
\calc@Ccount=\count100
\calc@Cskip=\skip60
)
(/usr/share/texlive/texmf-dist/tex/latex/base/textcomp.sty
Package: textcomp 2005/09/27 v1.99g Standard LaTeX package
Package textcomp Info: Sub-encoding information:
(textcomp)               5 = only ISO-Adobe without \textcurrency
(textcomp)               4 = 5 + \texteuro
(textcomp)               3 = 4 + \textohm
(textcomp)               2 = 3 + \textestimated + \textcurrency
(textcomp)               1 = TS1 - \textcircled - \t
(textcomp)               0 = TS1 (full)
(textcomp)             Font families with sub-encoding setting implement
(textcomp)             only a restricted character set as indicated.
(textcomp)             Family '?' is the default used for unknown fonts.
(textcomp)             See the documentation for details.
Package textcomp Info: Setting ? sub-encoding to TS1/1 on input line 79.

(/usr/share/texlive/texmf-dist/tex/latex/base/ts1enc.def
File: ts1enc.def 2001/06/05 v3.0e (jk/car/fm) Standard LaTeX file
)
LaTeX Info: Redefining \oldstylenums on input line 334.
Package textcomp Info: Setting cmr sub-encoding to TS1/0 on input line 349.
Package textcomp Info: Setting cmss sub-encoding to TS1/0 on input line 350.
Package textcomp Info: Setting cmtt sub-encoding to TS1/0 on input line 351.
Package textcomp Info: Setting cmvtt sub-encoding to TS1/0 on input line 352.
Package textcomp Info: Setting cmbr sub-encoding to TS1/0 on input line 353.
Package textcomp Info: Setting cmtl sub-encoding to TS1/0 on input line 354.
Package textcomp Info: Setting ccr sub-encoding to TS1/0 on input line 355.
Package textcomp Info: Setting ptm sub-encoding to TS1/4 on input line 356.
Package textcomp Info: Setting pcr sub-encoding to TS1/4 on input line 357.
Package textcomp Info: Setting phv sub-encoding to TS1/4 on input line 358.
Package textcomp Info: Setting ppl sub-encoding to TS1/3 on input line 359.
Package textcomp Info: Setting pag sub-encoding to TS1/4 on input line 360.
Package textcomp Info: Setting pbk sub-encoding to TS1/4 on input line 361.
Package textcomp Info: Setting pnc sub-encoding to TS1/4 on input line 362.
Package textcomp Info: Setting pzc sub-encoding to TS1/4 on input line 363.
Package textcomp Info: Setting bch sub-encoding to TS1/4 on input line 364.
Package textcomp Info: Setting put sub-encoding to TS1/5 on input line 365.
Package textcomp Info: Setting uag sub-encoding to TS1/5 on input line 366.
Package textcomp Info: Setting ugq sub-encoding to TS1/5 on input line 367.
Package textcomp Info: Setting ul8 sub-encoding to TS1/4 on input line 368.
Package textcomp Info: Setting ul9 sub-encoding to TS1/4 on input line 369.
Package textcomp Info: Setting augie sub-encoding to TS1/5 on input line 370.
Package textcomp Info: Setting dayrom sub-encoding to TS1/3 on input line 371.
Package textcomp Info: Setting dayroms sub-encoding to TS1/3 on input line 372.

Package textcomp Info: Setting pxr sub-encoding to TS1/0 on input line 373.
Package textcomp Info: Setting pxss sub-encoding to TS1/0 on input line 374.
Package textcomp Info: Setting pxtt sub-encoding to TS1/0 on input line 375.
Package textcomp Info: Setting txr sub-encoding to TS1/0 on input line 376.
Package textcomp Info: Setting txss sub-encoding to TS1/0 on input line 377.
Package textcomp Info: Setting txtt sub-encoding to TS1/0 on input line 378.
Package textcomp Info: Setting lmr sub-encoding to TS1/0 on input line 379.
Package textcomp Info: Setting lmdh sub-encoding to TS1/0 on input line 380.
Package textcomp Info: Setting lmss sub-encoding to TS1/0 on input line 381.
Package textcomp Info: Setting lmssq sub-encoding to TS1/0 on input line 382.
Package textcomp Info: Setting lmvtt sub-encoding to TS1/0 on input line 383.
Package textcomp Info: Setting lmtt sub-encoding to TS1/0 on input line 384.
Package textcomp Info: Setting qhv sub-encoding to TS1/0 on input line 385.
Package textcomp Info: Setting qag sub-encoding to TS1/0 on input line 386.
Package textcomp Info: Setting qbk sub-encoding to TS1/0 on input line 387.
Package textcomp Info: Setting qcr sub-encoding to TS1/0 on input line 388.
Package textcomp Info: Setting qcs sub-encoding to TS1/0 on input line 389.
Package textcomp Info: Setting qpl sub-encoding to TS1/0 on input line 390.
Package textcomp Info: Setting qtm sub-encoding to TS1/0 on input line 391.
Package textcomp Info: Setting qzc sub-encoding to TS1/0 on input line 392.
Package textcomp Info: Setting qhvc sub-encoding to TS1/0 on input line 393.
Package textcomp Info: Setting futs sub-encoding to TS1/4 on input line 394.
Package textcomp Info: Setting futx sub-encoding to TS1/4 on input line 395.
Package textcomp Info: Setting futj sub-encoding to TS1/4 on input line 396.
Package textcomp Info: Setting hlh sub-encoding to TS1/3 on input line 397.
Package textcomp Info: Setting hls sub-encoding to TS1/3 on input line 398.
Package textcomp Info: Setting hlst sub-encoding to TS1/3 on input line 399.
Package textcomp Info: Setting hlct sub-encoding to TS1/5 on input line 400.
Package textcomp Info: Setting hlx sub-encoding to TS1/5 on input line 401.
Package textcomp Info: Setting hlce sub-encoding to TS1/5 on input line 402.
Package textcomp Info: Setting hlcn sub-encoding to TS1/5 on input line 403.
Package textcomp Info: Setting hlcw sub-encoding to TS1/5 on input line 404.
Package textcomp Info: Setting hlcf sub-encoding to TS1/5 on input line 405.
Package textcomp Info: Setting pplx sub-encoding to TS1/3 on input line 406.
Package textcomp Info: Setting pplj sub-encoding to TS1/3 on input line 407.
Package textcomp Info: Setting ptmx sub-encoding to TS1/4 on input line 408.
Package textcomp Info: Setting ptmj sub-encoding to TS1/4 on input line 409.
)
(/usr/share/texlive/texmf-dist/tex/latex/url/url.sty
\Urlmuskip=\muskip10
Package: url 2013/09/16  ver 3.4  Verb mode for urls, etc.
)
(/usr/share/texlive/texmf-dist/tex/latex/base/ifthen.sty
Package: ifthen 2014/09/29 v1.1c Standard LaTeX ifthen package (DPC)
)
(/usr/share/texlive/texmf-dist/tex/latex/mdwtools/footnote.sty
Package: footnote 1997/01/28 1.13 Save footnotes around boxes
\fn@notes=\box33
\fn@width=\dimen118
)
(/usr/share/texlive/texmf-dist/tex/latex/amsmath/amsmath.sty
Package: amsmath 2016/06/28 v2.15d AMS math features
\@mathmargin=\skip61

For additional information on amsmath, use the `?' option.
(/usr/share/texlive/texmf-dist/tex/latex/amsmath/amstext.sty
Package: amstext 2000/06/29 v2.01 AMS text

(/usr/share/texlive/texmf-dist/tex/latex/amsmath/amsgen.sty
File: amsgen.sty 1999/11/30 v2.0 generic functions
\@emptytoks=\toks26
\ex@=\dimen119
))
(/usr/share/texlive/texmf-dist/tex/latex/amsmath/amsbsy.sty
Package: amsbsy 1999/11/29 v1.2d Bold Symbols
\pmbraise@=\dimen120
)
(/usr/share/texlive/texmf-dist/tex/latex/amsmath/amsopn.sty
Package: amsopn 2016/03/08 v2.02 operator names
)
\inf@bad=\count101
LaTeX Info: Redefining \frac on input line 199.
\uproot@=\count102
\leftroot@=\count103
LaTeX Info: Redefining \overline on input line 297.
\classnum@=\count104
\DOTSCASE@=\count105
LaTeX Info: Redefining \ldots on input line 394.
LaTeX Info: Redefining \dots on input line 397.
LaTeX Info: Redefining \cdots on input line 518.
\Mathstrutbox@=\box34
\strutbox@=\box35
\big@size=\dimen121
LaTeX Font Info:    Redeclaring font encoding OML on input line 634.
LaTeX Font Info:    Redeclaring font encoding OMS on input line 635.
\macc@depth=\count106
\c@MaxMatrixCols=\count107
\dotsspace@=\muskip11
\c@parentequation=\count108
\dspbrk@lvl=\count109
\tag@help=\toks27
\row@=\count110
\column@=\count111
\maxfields@=\count112
\andhelp@=\toks28
\eqnshift@=\dimen122
\alignsep@=\dimen123
\tagshift@=\dimen124
\tagwidth@=\dimen125
\totwidth@=\dimen126
\lineht@=\dimen127
\@envbody=\toks29
\multlinegap=\skip62
\multlinetaggap=\skip63
\mathdisplay@stack=\toks30
LaTeX Info: Redefining \[ on input line 2739.
LaTeX Info: Redefining \] on input line 2740.
)
(/usr/share/texlive/texmf-dist/tex/latex/splitindex/splitidx.sty
Package: splitidx 2016/02/18 v1.2c multiple indices for LaTeX
)
\@indexfile=\write4
\openout4 = `ProcessingAlgorithms.idx'.


Writing index file ProcessingAlgorithms.idx
Using splitted index at ProcessingAlgorithms.idx
(/usr/share/texlive/texmf-dist/tex/latex/setspace/setspace.sty
Package: setspace 2011/12/19 v6.7a set line spacing
)
(/usr/share/texlive/texmf-dist/tex/generic/ulem/ulem.sty
\UL@box=\box36
\UL@hyphenbox=\box37
\UL@skip=\skip64
\UL@hook=\toks31
\UL@height=\dimen128
\UL@pe=\count113
\UL@pixel=\dimen129
\ULC@box=\box38
Package: ulem 2012/05/18
\ULdepth=\dimen130
)
(/usr/share/texlive/texmf-dist/tex/latex/hyperref/hyperref.sty
Package: hyperref 2016/05/21 v6.83p Hypertext links for LaTeX

(/usr/share/texlive/texmf-dist/tex/generic/oberdiek/hobsub-hyperref.sty
Package: hobsub-hyperref 2016/05/16 v1.14 Bundle oberdiek, subset hyperref (HO)


(/usr/share/texlive/texmf-dist/tex/generic/oberdiek/hobsub-generic.sty
Package: hobsub-generic 2016/05/16 v1.14 Bundle oberdiek, subset generic (HO)
Package: hobsub 2016/05/16 v1.14 Construct package bundles (HO)
Package hobsub Info: Skipping package `infwarerr' (already loaded).
Package hobsub Info: Skipping package `ltxcmds' (already loaded).
Package: ifluatex 2016/05/16 v1.4 Provides the ifluatex switch (HO)
Package ifluatex Info: LuaTeX not detected.
Package hobsub Info: Skipping package `ifvtex' (already loaded).
Package: intcalc 2016/05/16 v1.2 Expandable calculations with integers (HO)
Package hobsub Info: Skipping package `ifpdf' (already loaded).
Package: etexcmds 2016/05/16 v1.6 Avoid name clashes with e-TeX commands (HO)
Package etexcmds Info: Could not find \expanded.
(etexcmds)             That can mean that you are not using pdfTeX 1.50 or
(etexcmds)             that some package has redefined \expanded.
(etexcmds)             In the latter case, load this package earlier.
Package: kvsetkeys 2016/05/16 v1.17 Key value parser (HO)
Package: kvdefinekeys 2016/05/16 v1.4 Define keys (HO)
Package: pdftexcmds 2017/03/19 v0.25 Utility functions of pdfTeX for LuaTeX (HO
)
Package pdftexcmds Info: LuaTeX not detected.
Package pdftexcmds Info: \pdf@primitive is available.
Package pdftexcmds Info: \pdf@ifprimitive is available.
Package pdftexcmds Info: \pdfdraftmode found.
Package: pdfescape 2016/05/16 v1.14 Implements pdfTeX's escape features (HO)
Package: bigintcalc 2016/05/16 v1.4 Expandable calculations on big integers (HO
)
Package: bitset 2016/05/16 v1.2 Handle bit-vector datatype (HO)
Package: uniquecounter 2016/05/16 v1.3 Provide unlimited unique counter (HO)
)
Package hobsub Info: Skipping package `hobsub' (already loaded).
Package: letltxmacro 2016/05/16 v1.5 Let assignment for LaTeX macros (HO)
Package: hopatch 2016/05/16 v1.3 Wrapper for package hooks (HO)
Package: xcolor-patch 2016/05/16 xcolor patch
Package: atveryend 2016/05/16 v1.9 Hooks at the very end of document (HO)
Package atveryend Info: \enddocument detected (standard20110627).
Package: atbegshi 2016/06/09 v1.18 At begin shipout hook (HO)
Package: refcount 2016/05/16 v3.5 Data extraction from label references (HO)
Package: hycolor 2016/05/16 v1.8 Color options for hyperref/bookmark (HO)
)
(/usr/share/texlive/texmf-dist/tex/latex/oberdiek/auxhook.sty
Package: auxhook 2016/05/16 v1.4 Hooks for auxiliary files (HO)
)
(/usr/share/texlive/texmf-dist/tex/latex/oberdiek/kvoptions.sty
Package: kvoptions 2016/05/16 v3.12 Key value format for package options (HO)
)
\@linkdim=\dimen131
\Hy@linkcounter=\count114
\Hy@pagecounter=\count115

(/usr/share/texlive/texmf-dist/tex/latex/hyperref/pd1enc.def
File: pd1enc.def 2016/05/21 v6.83p Hyperref: PDFDocEncoding definition (HO)
)
\Hy@SavedSpaceFactor=\count116

(/usr/share/texlive/texmf-dist/tex/latex/latexconfig/hyperref.cfg
File: hyperref.cfg 2002/06/06 v1.2 hyperref configuration of TeXLive
)
Package hyperref Info: Option `unicode' set `true' on input line 4362.

(/usr/share/texlive/texmf-dist/tex/latex/hyperref/puenc.def
File: puenc.def 2016/05/21 v6.83p Hyperref: PDF Unicode definition (HO)
)
Package hyperref Info: Option `bookmarks' set `true' on input line 4362.
Package hyperref Info: Option `bookmarksnumbered' set `false' on input line 436
2.
Package hyperref Info: Option `bookmarksopen' set `false' on input line 4362.
Package hyperref Info: Option `breaklinks' set `true' on input line 4362.
Package hyperref Info: Option `colorlinks' set `true' on input line 4362.
Package hyperref Info: Hyper figures OFF on input line 4486.
Package hyperref Info: Link nesting OFF on input line 4491.
Package hyperref Info: Hyper index ON on input line 4494.
Package hyperref Info: Plain pages OFF on input line 4501.
Package hyperref Info: Backreferencing OFF on input line 4506.
Package hyperref Info: Implicit mode ON; LaTeX internals redefined.
Package hyperref Info: Bookmarks ON on input line 4735.
\c@Hy@tempcnt=\count117
LaTeX Info: Redefining \url on input line 5088.
\XeTeXLinkMargin=\dimen132
\Fld@menulength=\count118
\Field@Width=\dimen133
\Fld@charsize=\dimen134
Package hyperref Info: Hyper figures OFF on input line 6342.
Package hyperref Info: Link nesting OFF on input line 6347.
Package hyperref Info: Hyper index ON on input line 6350.
Package hyperref Info: backreferencing OFF on input line 6357.
Package hyperref Info: Link coloring ON on input line 6360.
Package hyperref Info: Link coloring with OCG OFF on input line 6367.
Package hyperref Info: PDF/A mode OFF on input line 6372.
LaTeX Info: Redefining \ref on input line 6412.
LaTeX Info: Redefining \pageref on input line 6416.
\Hy@abspage=\count119
\c@Item=\count120
\c@Hfootnote=\count121
)

Package hyperref Message: Driver (autodetected): hpdftex.

(/usr/share/texlive/texmf-dist/tex/latex/hyperref/hpdftex.def
File: hpdftex.def 2016/05/21 v6.83p Hyperref driver for pdfTeX
\Fld@listcount=\count122
\c@bookmark@seq@number=\count123

(/usr/share/texlive/texmf-dist/tex/latex/oberdiek/rerunfilecheck.sty
Package: rerunfilecheck 2016/05/16 v1.8 Rerun checks for auxiliary files (HO)
Package uniquecounter Info: New unique counter `rerunfilecheck' on input line 2
82.
)
\Hy@SectionHShift=\skip65
)
\lyxhang=\skip66

(/usr/share/texlive/texmf-dist/tex/latex/hanging/hanging.sty
Package: hanging 2009/09/02 v1.2b hanging paragraphs and punctuation
\h@ngcommawd=\skip67
\h@ngfstopwd=\skip68
\h@ngquotewd=\skip69
\h@ngdquotewd=\skip70
\h@ngquerywd=\skip71
\h@ngexclwd=\skip72
\h@ngcolonwd=\skip73
\h@ngscolonwd=\skip74
)
(./ProcessingAlgorithms.aux (./Section1.aux) (./Section3.aux) (./Section7.aux)
(./Section9.aux) (./Section11.aux) (./Section13.aux) (./Section12.aux)
(./Section10.aux) (./Section14.aux) (./Section15.aux))
\openout1 = `ProcessingAlgorithms.aux'.

LaTeX Font Info:    Checking defaults for OML/cmm/m/it on input line 136.
LaTeX Font Info:    ... okay on input line 136.
LaTeX Font Info:    Checking defaults for T1/cmr/m/n on input line 136.
LaTeX Font Info:    ... okay on input line 136.
LaTeX Font Info:    Checking defaults for OT1/cmr/m/n on input line 136.
LaTeX Font Info:    ... okay on input line 136.
LaTeX Font Info:    Checking defaults for OMS/cmsy/m/n on input line 136.
LaTeX Font Info:    ... okay on input line 136.
LaTeX Font Info:    Checking defaults for OMX/cmex/m/n on input line 136.
LaTeX Font Info:    ... okay on input line 136.
LaTeX Font Info:    Checking defaults for U/cmr/m/n on input line 136.
LaTeX Font Info:    ... okay on input line 136.
LaTeX Font Info:    Checking defaults for LGR/cmr/m/n on input line 136.
LaTeX Font Info:    Try loading font information for LGR+cmr on input line 136.


(/usr/share/texlive/texmf-dist/tex/latex/cbfonts-fd/lgrcmr.fd
File: lgrcmr.fd 2016/03/04 v1.1 Greek European Computer Regular
)
LaTeX Font Info:    ... okay on input line 136.
LaTeX Font Info:    Checking defaults for TS1/cmr/m/n on input line 136.
LaTeX Font Info:    Try loading font information for TS1+cmr on input line 136.


(/usr/share/texlive/texmf-dist/tex/latex/base/ts1cmr.fd
File: ts1cmr.fd 2014/09/29 v2.5h Standard LaTeX font definitions
)
LaTeX Font Info:    ... okay on input line 136.
LaTeX Font Info:    Checking defaults for PD1/pdf/m/n on input line 136.
LaTeX Font Info:    ... okay on input line 136.
LaTeX Font Info:    Checking defaults for PU/pdf/m/n on input line 136.
LaTeX Font Info:    ... okay on input line 136.
LaTeX Font Info:    Try loading font information for T1+ptm on input line 136.

(/usr/share/texlive/texmf-dist/tex/latex/psnfss/t1ptm.fd
File: t1ptm.fd 2001/06/04 font definitions for T1/ptm.
)
*geometry* driver: auto-detecting
*geometry* detected driver: pdftex
*geometry* verbose mode - [ preamble ] result:
* driver: pdftex
* paper: letterpaper
* layout: <same size as paper>
* layoutoffset:(h,v)=(0.0pt,0.0pt)
* modes: twoside 
* h-part:(L,W,R)=(86.72377pt, 455.30124pt, 72.26999pt)
* v-part:(T,H,B)=(72.26999pt, 650.43001pt, 72.26999pt)
* \paperwidth=614.295pt
* \paperheight=794.96999pt
* \textwidth=455.30124pt
* \textheight=650.43001pt
* \oddsidemargin=14.45378pt
* \evensidemargin=0.0pt
* \topmargin=-37.0pt
* \headheight=12.0pt
* \headsep=25.0pt
* \topskip=12.0pt
* \footskip=30.0pt
* \marginparwidth=56.9055pt
* \marginparsep=8.5359pt
* \columnsep=10.0pt
* \skip\footins=10.8pt plus 4.0pt minus 2.0pt
* \hoffset=0.0pt
* \voffset=0.0pt
* \mag=1000
* \@twocolumnfalse
* \@twosidetrue
* \@mparswitchtrue
* \@reversemarginfalse
* (1in=72.27pt=25.4mm, 1cm=28.453pt)

(/usr/share/texlive/texmf-dist/tex/context/base/mkii/supp-pdf.mkii
[Loading MPS to PDF converter (version 2006.09.02).]
\scratchcounter=\count124
\scratchdimen=\dimen135
\scratchbox=\box39
\nofMPsegments=\count125
\nofMParguments=\count126
\everyMPshowfont=\toks32
\MPscratchCnt=\count127
\MPscratchDim=\dimen136
\MPnumerator=\count128
\makeMPintoPDFobject=\count129
\everyMPtoPDFconversion=\toks33
)
\AtBeginShipoutBox=\box40
Package hyperref Info: Link coloring ON on input line 136.
 (/usr/share/texlive/texmf-dist/tex/latex/hyperref/nameref.sty
Package: nameref 2016/05/21 v2.44 Cross-referencing by name of section

(/usr/share/texlive/texmf-dist/tex/generic/oberdiek/gettitlestring.sty
Package: gettitlestring 2016/05/16 v1.5 Cleanup title references (HO)
)
\c@section@level=\count130
LaTeX Info: Redefining \Ref on input line 515.
)
LaTeX Info: Redefining \ref on input line 136.
LaTeX Info: Redefining \pageref on input line 136.
LaTeX Info: Redefining \nameref on input line 136.

(./ProcessingAlgorithms.out) (./ProcessingAlgorithms.out)
\@outlinefile=\write5
\openout5 = `ProcessingAlgorithms.out'.

LaTeX Info: Redefining \Ref on input line 136.
LaTeX Font Info:    Try loading font information for OT1+ztmcm on input line 14
0.

(/usr/share/texlive/texmf-dist/tex/latex/psnfss/ot1ztmcm.fd
File: ot1ztmcm.fd 2000/01/03 Fontinst v1.801 font definitions for OT1/ztmcm.
)
LaTeX Font Info:    Try loading font information for OML+ztmcm on input line 14
0.

(/usr/share/texlive/texmf-dist/tex/latex/psnfss/omlztmcm.fd
File: omlztmcm.fd 2000/01/03 Fontinst v1.801 font definitions for OML/ztmcm.
)
LaTeX Font Info:    Try loading font information for OMS+ztmcm on input line 14
0.

(/usr/share/texlive/texmf-dist/tex/latex/psnfss/omsztmcm.fd
File: omsztmcm.fd 2000/01/03 Fontinst v1.801 font definitions for OMS/ztmcm.
)
LaTeX Font Info:    Try loading font information for OMX+ztmcm on input line 14
0.

(/usr/share/texlive/texmf-dist/tex/latex/psnfss/omxztmcm.fd
File: omxztmcm.fd 2000/01/03 Fontinst v1.801 font definitions for OMX/ztmcm.
)
LaTeX Font Info:    Try loading font information for OT1+ptm on input line 140.


(/usr/share/texlive/texmf-dist/tex/latex/psnfss/ot1ptm.fd
File: ot1ptm.fd 2001/06/04 font definitions for OT1/ptm.
)
LaTeX Font Info:    Font shape `OT1/ptm/bx/n' in size <14.4> not available
(Font)              Font shape `OT1/ptm/b/n' tried instead on input line 140.
LaTeX Font Info:    Font shape `OT1/ptm/bx/n' in size <10.95> not available
(Font)              Font shape `OT1/ptm/b/n' tried instead on input line 140.
LaTeX Font Info:    Font shape `OT1/ptm/bx/n' in size <8> not available
(Font)              Font shape `OT1/ptm/b/n' tried instead on input line 140.


LaTeX Warning: No \author given.

[1

{/usr/share/texlive/texmf-dist/fonts/map/pdftex/updmap/pdftex.map}]

Package Fancyhdr Warning: \headheight is too small (12.0pt): 
 Make it at least 14.49998pt.
 We now make it that large for the rest of the document.
 This may cause the page layout to be inconsistent, however.

[2]
LaTeX Font Info:    Font shape `T1/ptm/bx/n' in size <17.28> not available
(Font)              Font shape `T1/ptm/b/n' tried instead on input line 166.
 (./ProcessingAlgorithms.toc
LaTeX Font Info:    Font shape `T1/ptm/bx/n' in size <12> not available
(Font)              Font shape `T1/ptm/b/n' tried instead on input line 2.
LaTeX Font Info:    Font shape `OT1/ptm/bx/n' in size <12> not available
(Font)              Font shape `OT1/ptm/b/n' tried instead on input line 4.
LaTeX Font Info:    Font shape `OT1/ptm/bx/n' in size <9> not available
(Font)              Font shape `OT1/ptm/b/n' tried instead on input line 4.
LaTeX Font Info:    Font shape `OT1/ptm/bx/n' in size <7> not available
(Font)              Font shape `OT1/ptm/b/n' tried instead on input line 4.


Package Fancyhdr Warning: \headheight is too small (12.0pt): 
 Make it at least 14.49998pt.
 We now make it that large for the rest of the document.
 This may cause the page layout to be inconsistent, however.

[3])
\tf@toc=\write6
\openout6 = `ProcessingAlgorithms.toc'.



Package Fancyhdr Warning: \headheight is too small (12.0pt): 
 Make it at least 14.49998pt.
 We now make it that large for the rest of the document.
 This may cause the page layout to be inconsistent, however.

[4]
\openout2 = `Section1.aux'.

 (./Section1.tex
LaTeX Font Info:    Font shape `T1/ptm/bx/n' in size <14.4> not available
(Font)              Font shape `T1/ptm/b/n' tried instead on input line 4.
LaTeX Font Info:    Try loading font information for T1+lmtt on input line 14.
 (/usr/share/texlive/texmf-dist/tex/latex/lm/t1lmtt.fd
File: t1lmtt.fd 2009/10/30 v1.6 Font defs for Latin Modern
)

Package Fancyhdr Warning: \headheight is too small (12.0pt): 
 Make it at least 14.49998pt.
 We now make it that large for the rest of the document.
 This may cause the page layout to be inconsistent, however.

[1



]
LaTeX Font Info:    Font shape `OT1/ptm/bx/n' in size <10> not available
(Font)              Font shape `OT1/ptm/b/n' tried instead on input line 95.
LaTeX Font Info:    Font shape `OT1/ptm/bx/n' in size <7.4> not available
(Font)              Font shape `OT1/ptm/b/n' tried instead on input line 95.
LaTeX Font Info:    Font shape `OT1/ptm/bx/n' in size <6> not available
(Font)              Font shape `OT1/ptm/b/n' tried instead on input line 95.

Underfull \hbox (badness 10000) in paragraph at lines 77--100

 []


Package Fancyhdr Warning: \headheight is too small (12.0pt): 
 Make it at least 14.49998pt.
 We now make it that large for the rest of the document.
 This may cause the page layout to be inconsistent, however.

[2]
LaTeX Font Info:    Try loading font information for TS1+ptm on input line 255.

 (/usr/share/texlive/texmf-dist/tex/latex/psnfss/ts1ptm.fd
File: ts1ptm.fd 2001/06/04 font definitions for TS1/ptm.
)
Underfull \hbox (badness 10000) in paragraph at lines 255--255

 []


Overfull \hbox (1.57356pt too wide) in paragraph at lines 255--255
 [] 
 []


Package Fancyhdr Warning: \headheight is too small (12.0pt): 
 Make it at least 14.49998pt.
 We now make it that large for the rest of the document.
 This may cause the page layout to be inconsistent, however.

[3]
Overfull \vbox (12.42227pt too high) has occurred while \output is active []



Package Fancyhdr Warning: \headheight is too small (12.0pt): 
 Make it at least 14.49998pt.
 We now make it that large for the rest of the document.
 This may cause the page layout to be inconsistent, however.

[4]
Underfull \hbox (badness 10000) in paragraph at lines 294--314

 []


Underfull \hbox (badness 10000) in paragraph at lines 316--323

 []


Package Fancyhdr Warning: \headheight is too small (12.0pt): 
 Make it at least 14.49998pt.
 We now make it that large for the rest of the document.
 This may cause the page layout to be inconsistent, however.

[5]
Underfull \hbox (badness 10000) in paragraph at lines 325--331

 []


Underfull \hbox (badness 10000) in paragraph at lines 380--389

 []


Package Fancyhdr Warning: \headheight is too small (12.0pt): 
 Make it at least 14.49998pt.
 We now make it that large for the rest of the document.
 This may cause the page layout to be inconsistent, however.

[6]

Package Fancyhdr Warning: \headheight is too small (12.0pt): 
 Make it at least 14.49998pt.
 We now make it that large for the rest of the document.
 This may cause the page layout to be inconsistent, however.

[7]

Package Fancyhdr Warning: \headheight is too small (12.0pt): 
 Make it at least 14.49998pt.
 We now make it that large for the rest of the document.
 This may cause the page layout to be inconsistent, however.

[8])

Package Fancyhdr Warning: \headheight is too small (12.0pt): 
 Make it at least 14.49998pt.
 We now make it that large for the rest of the document.
 This may cause the page layout to be inconsistent, however.

[9]
\openout2 = `Section3.aux'.

 (./Section3.tex
Overfull \hbox (1.44951pt too wide) in paragraph at lines 52--59
\T1/ptm/m/n/12 GPS cou-pling, usu-ally in con-nec-tion with spe-cial in-stru-me
nts like a wing-mounted wind-sensing
 []


Underfull \hbox (badness 10000) in paragraph at lines 60--64

 []


Package Fancyhdr Warning: \headheight is too small (12.0pt): 
 Make it at least 14.49998pt.
 We now make it that large for the rest of the document.
 This may cause the page layout to be inconsistent, however.

[10


]

Package Fancyhdr Warning: \headheight is too small (12.0pt): 
 Make it at least 14.49998pt.
 We now make it that large for the rest of the document.
 This may cause the page layout to be inconsistent, however.

[11]
Underfull \hbox (badness 10000) in paragraph at lines 182--182

 []


Underfull \hbox (badness 10000) in paragraph at lines 182--182

 []


Underfull \hbox (badness 10000) in paragraph at lines 182--182

 []


Underfull \hbox (badness 10000) in paragraph at lines 182--182

 []


Overfull \hbox (8.03352pt too wide) in paragraph at lines 141--183
[] 
 []


Underfull \hbox (badness 10000) in paragraph at lines 300--300

 []


Underfull \hbox (badness 10000) in paragraph at lines 300--300

 []


Underfull \hbox (badness 10000) in paragraph at lines 300--300

 []


Underfull \hbox (badness 10000) in paragraph at lines 184--301

 []


Underfull \hbox (badness 10000) in paragraph at lines 184--301

 []


Underfull \hbox (badness 10000) in paragraph at lines 184--301

 []


Overfull \hbox (23.99992pt too wide) in paragraph at lines 184--301
[] 
 []


Overfull \hbox (8.03352pt too wide) in paragraph at lines 184--301
[] 
 []


Package Fancyhdr Warning: \headheight is too small (12.0pt): 
 Make it at least 14.49998pt.
 We now make it that large for the rest of the document.
 This may cause the page layout to be inconsistent, however.

[12pdfTeX warning (ext4): destination with the same identifier (name{VSPD}) has
 been already used, duplicate ignored

\GPT@@shipout ...Torg@shipout \box \GPT@outputbox 
                                                  \relax \fi 
l.301 
      ]
Underfull \vbox (badness 10000) has occurred while \output is active []



Package Fancyhdr Warning: \headheight is too small (12.0pt): 
 Make it at least 14.49998pt.
 We now make it that large for the rest of the document.
 This may cause the page layout to be inconsistent, however.

[13]
Underfull \vbox (badness 10000) has occurred while \output is active []



Package Fancyhdr Warning: \headheight is too small (12.0pt): 
 Make it at least 14.49998pt.
 We now make it that large for the rest of the document.
 This may cause the page layout to be inconsistent, however.

[14]
Underfull \hbox (badness 10000) in paragraph at lines 355--355

 []

LaTeX Font Info:    Font shape `T1/ptm/bx/sc' in size <12> not available
(Font)              Font shape `T1/ptm/b/sc' tried instead on input line 366.

Underfull \hbox (badness 10000) in paragraph at lines 368--372

 []


Underfull \vbox (badness 10000) has occurred while \output is active []



Package Fancyhdr Warning: \headheight is too small (12.0pt): 
 Make it at least 14.49998pt.
 We now make it that large for the rest of the document.
 This may cause the page layout to be inconsistent, however.

[15]

Package Fancyhdr Warning: \headheight is too small (12.0pt): 
 Make it at least 14.49998pt.
 We now make it that large for the rest of the document.
 This may cause the page layout to be inconsistent, however.

[16]

Package Fancyhdr Warning: \headheight is too small (12.0pt): 
 Make it at least 14.49998pt.
 We now make it that large for the rest of the document.
 This may cause the page layout to be inconsistent, however.

[17]
Overfull \hbox (10.12744pt too wide) in paragraph at lines 526--533
\T1/ptm/m/it/12 The east-ward com-po-nent of ground speed mea-sured by a global
 po-si-tion-ing sys-tem. \T1/ptm/m/n/12 GGVEW
 []


Underfull \hbox (badness 10000) in paragraph at lines 526--533

 []


Underfull \hbox (badness 10000) in paragraph at lines 546--553

 []


Package Fancyhdr Warning: \headheight is too small (12.0pt): 
 Make it at least 14.49998pt.
 We now make it that large for the rest of the document.
 This may cause the page layout to be inconsistent, however.

[18]
Underfull \hbox (badness 10000) in paragraph at lines 566--574

 []


Underfull \hbox (badness 10000) in paragraph at lines 628--628

 []


Underfull \hbox (badness 10000) in paragraph at lines 628--628

 []


Overfull \hbox (8.17393pt too wide) in paragraph at lines 628--628
[] 
 []


Overfull \hbox (16.20746pt too wide) in paragraph at lines 601--629
[] 
 []


Underfull \hbox (badness 10000) in paragraph at lines 601--629

 []


Underfull \vbox (badness 10000) has occurred while \output is active []



Package Fancyhdr Warning: \headheight is too small (12.0pt): 
 Make it at least 14.49998pt.
 We now make it that large for the rest of the document.
 This may cause the page layout to be inconsistent, however.

[19]
LaTeX Font Info:    Font shape `TS1/ptm/bx/n' in size <12> not available
(Font)              Font shape `TS1/ptm/b/n' tried instead on input line 630.
LaTeX Font Info:    Font shape `T1/ptm/bx/n' in size <9> not available
(Font)              Font shape `T1/ptm/b/n' tried instead on input line 630.
LaTeX Font Info:    Font shape `T1/ptm/bx/n' in size <7> not available
(Font)              Font shape `T1/ptm/b/n' tried instead on input line 630.

Overfull \hbox (8.03352pt too wide) in paragraph at lines 646--666
[] 
 []


Package Fancyhdr Warning: \headheight is too small (12.0pt): 
 Make it at least 14.49998pt.
 We now make it that large for the rest of the document.
 This may cause the page layout to be inconsistent, however.

[20]
Overfull \hbox (6.72974pt too wide) in paragraph at lines 725--737
\T1/ptm/m/it/12 The air-craft al-ti-tude ob-tained from the twice-integrated IR
U ac-cel-er-a-tion (ACINS), pressure-
 []


Underfull \hbox (badness 10000) in paragraph at lines 823--823

 []


Underfull \hbox (badness 10000) in paragraph at lines 823--823

 []


Underfull \hbox (badness 10000) in paragraph at lines 823--823

 []


Underfull \hbox (badness 10000) in paragraph at lines 823--823

 []


Overfull \hbox (0.94223pt too wide) in paragraph at lines 823--823
[]    \T1/lmtt/m/n/12 palt = 44330.77 * (1.0 - pow(psxc/ISAP0, 0.1902632));  
 []


Underfull \hbox (badness 10000) in paragraph at lines 738--825

 []


Underfull \hbox (badness 10000) in paragraph at lines 738--825

 []


Underfull \hbox (badness 10000) in paragraph at lines 738--825

 []


Package Fancyhdr Warning: \headheight is too small (12.0pt): 
 Make it at least 14.49998pt.
 We now make it that large for the rest of the document.
 This may cause the page layout to be inconsistent, however.

[21]
Underfull \vbox (badness 10000) has occurred while \output is active []



Package Fancyhdr Warning: \headheight is too small (12.0pt): 
 Make it at least 14.49998pt.
 We now make it that large for the rest of the document.
 This may cause the page layout to be inconsistent, however.

[22]
Underfull \hbox (badness 10000) in paragraph at lines 826--855

 []


Underfull \hbox (badness 10000) in paragraph at lines 826--855

 []


Package Fancyhdr Warning: \headheight is too small (12.0pt): 
 Make it at least 14.49998pt.
 We now make it that large for the rest of the document.
 This may cause the page layout to be inconsistent, however.

[23]
LaTeX Font Info:    Font shape `T1/ptm/bx/n' in size <10> not available
(Font)              Font shape `T1/ptm/b/n' tried instead on input line 951.

Underfull \hbox (badness 10000) in paragraph at lines 974--974

 []


Underfull \hbox (badness 10000) in paragraph at lines 883--1040

 []


Underfull \hbox (badness 10000) in paragraph at lines 883--1040

 []


Overfull \hbox (8.03352pt too wide) in paragraph at lines 883--1040
[] 
 []


Underfull \hbox (badness 10000) in paragraph at lines 883--1040

 []


Package Fancyhdr Warning: \headheight is too small (12.0pt): 
 Make it at least 14.49998pt.
 We now make it that large for the rest of the document.
 This may cause the page layout to be inconsistent, however.

[24]
Underfull \vbox (badness 10000) has occurred while \output is active []



Package Fancyhdr Warning: \headheight is too small (12.0pt): 
 Make it at least 14.49998pt.
 We now make it that large for the rest of the document.
 This may cause the page layout to be inconsistent, however.

[25]
Underfull \vbox (badness 10000) has occurred while \output is active []



Package Fancyhdr Warning: \headheight is too small (12.0pt): 
 Make it at least 14.49998pt.
 We now make it that large for the rest of the document.
 This may cause the page layout to be inconsistent, however.

[26]

Package hyperref Warning: Ignoring empty anchor on input line 1043.


Underfull \hbox (badness 10000) in paragraph at lines 1079--1079

 []


Overfull \hbox (8.03352pt too wide) in paragraph at lines 1043--1080
[] 
 []


Underfull \vbox (badness 10000) has occurred while \output is active []



Package Fancyhdr Warning: \headheight is too small (12.0pt): 
 Make it at least 14.49998pt.
 We now make it that large for the rest of the document.
 This may cause the page layout to be inconsistent, however.

[27]
Underfull \hbox (badness 10000) in paragraph at lines 1085--1086

 []

)

Package Fancyhdr Warning: \headheight is too small (12.0pt): 
 Make it at least 14.49998pt.
 We now make it that large for the rest of the document.
 This may cause the page layout to be inconsistent, however.

[28]
\openout2 = `Section7.aux'.

 (./Section7.tex
Underfull \hbox (badness 10000) in paragraph at lines 100--108

 []


Underfull \hbox (badness 1558) in paragraph at lines 110--123
\T1/ptm/m/n/12 03}. For PS-FRD, the cor-re-spond-ing co-ef-fi-cients are []{0.0
07372, 0.12774,
 []


Underfull \hbox (badness 10000) in paragraph at lines 129--132

 []


Underfull \hbox (badness 10000) in paragraph at lines 57--147

 []


Underfull \hbox (badness 10000) in paragraph at lines 57--147

 []


Overfull \hbox (24.0pt too wide) in paragraph at lines 57--147
[] 
 []


Underfull \hbox (badness 10000) in paragraph at lines 57--147

 []


Overfull \hbox (24.0pt too wide) in paragraph at lines 57--147
[] 
 []


Underfull \hbox (badness 10000) in paragraph at lines 57--147

 []


Underfull \hbox (badness 10000) in paragraph at lines 57--147

 []


Package Fancyhdr Warning: \headheight is too small (12.0pt): 
 Make it at least 14.49998pt.
 We now make it that large for the rest of the document.
 This may cause the page layout to be inconsistent, however.

[29



]
Underfull \vbox (badness 1275) has occurred while \output is active []



Package Fancyhdr Warning: \headheight is too small (12.0pt): 
 Make it at least 14.49998pt.
 We now make it that large for the rest of the document.
 This may cause the page layout to be inconsistent, however.

[30]
Underfull \hbox (badness 10000) in paragraph at lines 149--154

 []


Underfull \hbox (badness 10000) in paragraph at lines 149--154

 []


Overfull \hbox (18.00003pt too wide) in paragraph at lines 192--192
[][][][]| 
 []


Underfull \hbox (badness 10000) in paragraph at lines 155--207

 []


Underfull \hbox (badness 10000) in paragraph at lines 155--207

 []


Underfull \hbox (badness 10000) in paragraph at lines 209--215

 []


Package Fancyhdr Warning: \headheight is too small (12.0pt): 
 Make it at least 14.49998pt.
 We now make it that large for the rest of the document.
 This may cause the page layout to be inconsistent, however.

[31]
Underfull \hbox (badness 10000) in paragraph at lines 260--260

 []


Overfull \hbox (8.03352pt too wide) in paragraph at lines 224--261
[] 
 []


Package Fancyhdr Warning: \headheight is too small (12.0pt): 
 Make it at least 14.49998pt.
 We now make it that large for the rest of the document.
 This may cause the page layout to be inconsistent, however.

[32]
Underfull \hbox (badness 10000) in paragraph at lines 298--351

 []


Underfull \hbox (badness 10000) in paragraph at lines 298--351

 []


Underfull \hbox (badness 10000) in paragraph at lines 298--351

 []


Package Fancyhdr Warning: \headheight is too small (12.0pt): 
 Make it at least 14.49998pt.
 We now make it that large for the rest of the document.
 This may cause the page layout to be inconsistent, however.

[33]
Underfull \hbox (badness 10000) in paragraph at lines 353--356

 []


Underfull \hbox (badness 10000) in paragraph at lines 401--401

 []


Underfull \hbox (badness 10000) in paragraph at lines 358--410

 []


Overfull \hbox (24.0pt too wide) in paragraph at lines 358--410
[] 
 []


Underfull \hbox (badness 10000) in paragraph at lines 358--410

 []


Underfull \hbox (badness 10000) in paragraph at lines 358--410

 []


Underfull \hbox (badness 10000) in paragraph at lines 358--410

 []


Package Fancyhdr Warning: \headheight is too small (12.0pt): 
 Make it at least 14.49998pt.
 We now make it that large for the rest of the document.
 This may cause the page layout to be inconsistent, however.

[34]
Underfull \hbox (badness 10000) in paragraph at lines 412--436

 []


Underfull \hbox (badness 10000) in paragraph at lines 441--463

 []


Underfull \hbox (badness 10000) in paragraph at lines 441--463

 []


Underfull \hbox (badness 10000) in paragraph at lines 441--463

 []


Underfull \hbox (badness 10000) in paragraph at lines 465--478

 []


Package Fancyhdr Warning: \headheight is too small (12.0pt): 
 Make it at least 14.49998pt.
 We now make it that large for the rest of the document.
 This may cause the page layout to be inconsistent, however.

[35]
Underfull \hbox (badness 10000) in paragraph at lines 480--488

 []


Underfull \hbox (badness 10000) in paragraph at lines 480--488

 []


Underfull \hbox (badness 10000) in paragraph at lines 490--498

 []


Underfull \hbox (badness 10000) in paragraph at lines 490--498

 []


Underfull \hbox (badness 10000) in paragraph at lines 501--504

 []


Underfull \hbox (badness 10000) in paragraph at lines 564--564

 []


Underfull \hbox (badness 10000) in paragraph at lines 506--565

 []


Package Fancyhdr Warning: \headheight is too small (12.0pt): 
 Make it at least 14.49998pt.
 We now make it that large for the rest of the document.
 This may cause the page layout to be inconsistent, however.

[36]

Package Fancyhdr Warning: \headheight is too small (12.0pt): 
 Make it at least 14.49998pt.
 We now make it that large for the rest of the document.
 This may cause the page layout to be inconsistent, however.

[37]
Underfull \hbox (badness 10000) in paragraph at lines 611--662

 []


Underfull \hbox (badness 10000) in paragraph at lines 611--662

 []


Underfull \hbox (badness 10000) in paragraph at lines 611--662

 []


Package Fancyhdr Warning: \headheight is too small (12.0pt): 
 Make it at least 14.49998pt.
 We now make it that large for the rest of the document.
 This may cause the page layout to be inconsistent, however.

[38]
Underfull \hbox (badness 10000) in paragraph at lines 670--744

 []


Overfull \hbox (8.03352pt too wide) in paragraph at lines 670--744
[] 
 []


Underfull \hbox (badness 10000) in paragraph at lines 670--744

 []


Underfull \hbox (badness 10000) in paragraph at lines 670--744

 []


Package Fancyhdr Warning: \headheight is too small (12.0pt): 
 Make it at least 14.49998pt.
 We now make it that large for the rest of the document.
 This may cause the page layout to be inconsistent, however.

[39]
Overfull \hbox (4.01573pt too wide) in paragraph at lines 762--762
[][][]\T1/ptm/m/n/10 prior to 2011 the con-ver-sion was made us-ing the for-mul
a $[]$.
 []


Underfull \hbox (badness 10000) in paragraph at lines 767--888

 []


Underfull \hbox (badness 10000) in paragraph at lines 767--888

 []


Underfull \hbox (badness 10000) in paragraph at lines 767--888

 []


Underfull \hbox (badness 10000) in paragraph at lines 767--888

 []


Overfull \hbox (23.99992pt too wide) in paragraph at lines 767--888
[] 
 []


Overfull \hbox (8.03352pt too wide) in paragraph at lines 767--888
[] 
 []


Underfull \hbox (badness 10000) in paragraph at lines 767--888

 []


Underfull \vbox (badness 10000) has occurred while \output is active []



Package Fancyhdr Warning: \headheight is too small (12.0pt): 
 Make it at least 14.49998pt.
 We now make it that large for the rest of the document.
 This may cause the page layout to be inconsistent, however.

[40]
Underfull \hbox (badness 10000) in paragraph at lines 901--901

 []


Underfull \vbox (badness 1173) has occurred while \output is active []



Package Fancyhdr Warning: \headheight is too small (12.0pt): 
 Make it at least 14.49998pt.
 We now make it that large for the rest of the document.
 This may cause the page layout to be inconsistent, however.

[41]
Overfull \hbox (8.83553pt too wide) in paragraph at lines 933--943
[]\T1/ptm/b/n/12 Uncorrected Wa-ter Va-por Num-ber Den-sity from the VC-SEL Hy-
grom-e-ter (molecules cm$[]$):[]
 []


Overfull \hbox (0.80777pt too wide) in paragraph at lines 963--971
[]\T1/ptm/b/n/12 Water Va-por Num-ber Den-sity from the UV Hy-grom-e-ter (molec
ules cm$[]$):[] |   [][][] 
 []


Package Fancyhdr Warning: \headheight is too small (12.0pt): 
 Make it at least 14.49998pt.
 We now make it that large for the rest of the document.
 This may cause the page layout to be inconsistent, however.

[42]
Underfull \hbox (badness 10000) in paragraph at lines 972--1003

 []


Overfull \hbox (6.8989pt too wide) in paragraph at lines 972--1003
\T1/ptm/m/n/12 For the case where wa-ter va-por pres-sure is de-ter-mined by th
e VC-SEL hy-grom-e-ter, EW_VXL
 []


Underfull \hbox (badness 10000) in paragraph at lines 972--1003

 []


Underfull \hbox (badness 10000) in paragraph at lines 972--1003

 []


Underfull \hbox (badness 10000) in paragraph at lines 1005--1007

 []

LaTeX Font Info:    Font shape `T1/ptm/bx/it' in size <10> not available
(Font)              Font shape `T1/ptm/b/it' tried instead on input line 1017.

Underfull \hbox (badness 10000) in paragraph at lines 1043--1043

 []


Underfull \hbox (badness 10000) in paragraph at lines 1043--1043

 []


Overfull \hbox (8.03352pt too wide) in paragraph at lines 1020--1050
[] 
 []


Underfull \hbox (badness 10000) in paragraph at lines 1020--1050

 []


Package Fancyhdr Warning: \headheight is too small (12.0pt): 
 Make it at least 14.49998pt.
 We now make it that large for the rest of the document.
 This may cause the page layout to be inconsistent, however.

[43]
Underfull \hbox (badness 10000) in paragraph at lines 1073--1073

 []


Underfull \hbox (badness 10000) in paragraph at lines 1073--1073

 []


Overfull \hbox (8.03352pt too wide) in paragraph at lines 1051--1080
[] 
 []


Underfull \hbox (badness 10000) in paragraph at lines 1051--1080

 []


Underfull \hbox (badness 10000) in paragraph at lines 1081--1122

 []


Overfull \hbox (8.03352pt too wide) in paragraph at lines 1081--1122
[] 
 []


Underfull \hbox (badness 10000) in paragraph at lines 1081--1122

 []


Package Fancyhdr Warning: \headheight is too small (12.0pt): 
 Make it at least 14.49998pt.
 We now make it that large for the rest of the document.
 This may cause the page layout to be inconsistent, however.

[44]
Underfull \hbox (badness 10000) in paragraph at lines 1141--1141

 []


Underfull \hbox (badness 10000) in paragraph at lines 1123--1143

 []


Overfull \hbox (8.03352pt too wide) in paragraph at lines 1123--1143
[] 
 []


Underfull \hbox (badness 10000) in paragraph at lines 1123--1143

 []


Underfull \hbox (badness 10000) in paragraph at lines 1123--1143

 []


Underfull \hbox (badness 10000) in paragraph at lines 1176--1176

 []


Underfull \hbox (badness 10000) in paragraph at lines 1144--1177

 []


Overfull \hbox (8.03352pt too wide) in paragraph at lines 1144--1177
[] 
 []


Underfull \hbox (badness 10000) in paragraph at lines 1144--1177

 []


Package Fancyhdr Warning: \headheight is too small (12.0pt): 
 Make it at least 14.49998pt.
 We now make it that large for the rest of the document.
 This may cause the page layout to be inconsistent, however.

[45]
Underfull \hbox (badness 10000) in paragraph at lines 1205--1205

 []


Overfull \hbox (8.03352pt too wide) in paragraph at lines 1183--1207
[] 
 []


Underfull \hbox (badness 10000) in paragraph at lines 1183--1207

 []


Underfull \hbox (badness 10000) in paragraph at lines 1183--1207

 []


Overfull \hbox (9.91093pt too wide) in paragraph at lines 1208--1219
\T1/ptm/m/it/12 The ab-so-lute tem-per-a-ture reached if a par-cel of air were 
to be ex-panded pseudo-adiabatically
 []


Underfull \hbox (badness 10000) in paragraph at lines 1208--1219

 []


Underfull \hbox (badness 10000) in paragraph at lines 1221--1223

 []


Package Fancyhdr Warning: \headheight is too small (12.0pt): 
 Make it at least 14.49998pt.
 We now make it that large for the rest of the document.
 This may cause the page layout to be inconsistent, however.

[46]
Underfull \hbox (badness 10000) in paragraph at lines 1225--1246

 []


Underfull \hbox (badness 10000) in paragraph at lines 1282--1282

 []


Underfull \hbox (badness 10000) in paragraph at lines 1248--1285

 []


Overfull \hbox (5.93492pt too wide) in paragraph at lines 1248--1285
\T1/ptm/m/n/12 Prior to 2011, the vari-able called the equiv-a-lent po-ten-tial
 tem-per-a-ture[][][][][][] and named THETAE
 []


Underfull \hbox (badness 10000) in paragraph at lines 1248--1285

 []


Overfull \hbox (8.03352pt too wide) in paragraph at lines 1248--1285
[] 
 []


Underfull \hbox (badness 10000) in paragraph at lines 1248--1285

 []


Underfull \vbox (badness 10000) has occurred while \output is active []



Package Fancyhdr Warning: \headheight is too small (12.0pt): 
 Make it at least 14.49998pt.
 We now make it that large for the rest of the document.
 This may cause the page layout to be inconsistent, however.

[47]
Underfull \hbox (badness 10000) in paragraph at lines 1303--1303

 []


Underfull \hbox (badness 10000) in paragraph at lines 1303--1303

 []


Overfull \hbox (8.03352pt too wide) in paragraph at lines 1286--1305
[] 
 []


Underfull \hbox (badness 10000) in paragraph at lines 1286--1305

 []


Underfull \hbox (badness 10000) in paragraph at lines 1286--1305

 []


Overfull \hbox (25.37315pt too wide) in paragraph at lines 1306--1329
[][][]\T1/ptm/m/n/12 this
 []


Underfull \hbox (badness 10000) in paragraph at lines 1306--1329

 []


Package Fancyhdr Warning: \headheight is too small (12.0pt): 
 Make it at least 14.49998pt.
 We now make it that large for the rest of the document.
 This may cause the page layout to be inconsistent, however.

[48]
Underfull \hbox (badness 10000) in paragraph at lines 1330--1340

 []


Underfull \hbox (badness 10000) in paragraph at lines 1400--1400

 []


Underfull \hbox (badness 10000) in paragraph at lines 1400--1400

 []


Overfull \hbox (24.0pt too wide) in paragraph at lines 1342--1401
[] 
 []

)
Underfull \vbox (badness 10000) has occurred while \output is active []



Package Fancyhdr Warning: \headheight is too small (12.0pt): 
 Make it at least 14.49998pt.
 We now make it that large for the rest of the document.
 This may cause the page layout to be inconsistent, however.

[49]

Package Fancyhdr Warning: \headheight is too small (12.0pt): 
 Make it at least 14.49998pt.
 We now make it that large for the rest of the document.
 This may cause the page layout to be inconsistent, however.

[50]
\openout2 = `Section9.aux'.

 (./Section9.tex
Underfull \hbox (badness 10000) in paragraph at lines 28--40

 []


Package Fancyhdr Warning: \headheight is too small (12.0pt): 
 Make it at least 14.49998pt.
 We now make it that large for the rest of the document.
 This may cause the page layout to be inconsistent, however.

[51


]
Underfull \hbox (badness 10000) in paragraph at lines 102--130

 []


Overfull \hbox (8.03352pt too wide) in paragraph at lines 102--130
[] 
 []


Underfull \hbox (badness 10000) in paragraph at lines 102--130

 []


Underfull \hbox (badness 10000) in paragraph at lines 102--130

 []


Package Fancyhdr Warning: \headheight is too small (12.0pt): 
 Make it at least 14.49998pt.
 We now make it that large for the rest of the document.
 This may cause the page layout to be inconsistent, however.

[52]
Underfull \hbox (badness 10000) in paragraph at lines 131--152

 []


Overfull \hbox (8.03352pt too wide) in paragraph at lines 131--152
[] 
 []


Underfull \hbox (badness 10000) in paragraph at lines 131--152

 []


Underfull \hbox (badness 10000) in paragraph at lines 216--216

 []


Underfull \hbox (badness 10000) in paragraph at lines 171--248

 []


Overfull \hbox (8.03352pt too wide) in paragraph at lines 171--248
[] 
 []


Underfull \hbox (badness 10000) in paragraph at lines 171--248

 []


Overfull \hbox (8.03352pt too wide) in paragraph at lines 171--248
[] 
 []


Underfull \hbox (badness 10000) in paragraph at lines 171--248

 []


Package Fancyhdr Warning: \headheight is too small (12.0pt): 
 Make it at least 14.49998pt.
 We now make it that large for the rest of the document.
 This may cause the page layout to be inconsistent, however.

[53]

Package Fancyhdr Warning: \headheight is too small (12.0pt): 
 Make it at least 14.49998pt.
 We now make it that large for the rest of the document.
 This may cause the page layout to be inconsistent, however.

[54]
Underfull \hbox (badness 10000) in paragraph at lines 364--401

 []


Underfull \hbox (badness 10000) in paragraph at lines 364--401

 []


Overfull \hbox (10.81949pt too wide) in paragraph at lines 364--401
\T1/ptm/m/n/12 is the sum of the ver-ti-cal gust com-po-nent (rep-re-sented ap-
prox-i-mately by TASXsin(ATTACK-
 []


Underfull \hbox (badness 10000) in paragraph at lines 364--401

 []


Underfull \hbox (badness 10000) in paragraph at lines 364--401

 []


Underfull \hbox (badness 10000) in paragraph at lines 402--434

 []


Underfull \hbox (badness 10000) in paragraph at lines 402--434

 []


Overfull \hbox (8.03352pt too wide) in paragraph at lines 402--434
[] 
 []


Underfull \hbox (badness 10000) in paragraph at lines 402--434

 []


Package Fancyhdr Warning: \headheight is too small (12.0pt): 
 Make it at least 14.49998pt.
 We now make it that large for the rest of the document.
 This may cause the page layout to be inconsistent, however.

[55]
Underfull \hbox (badness 10000) in paragraph at lines 435--452

 []


Underfull \hbox (badness 10000) in paragraph at lines 435--452

 []


Underfull \hbox (badness 10000) in paragraph at lines 453--476

 []


Underfull \hbox (badness 10000) in paragraph at lines 453--476

 []


Underfull \hbox (badness 10000) in paragraph at lines 477--486

 []


Underfull \hbox (badness 10000) in paragraph at lines 487--505

 []


Underfull \hbox (badness 10000) in paragraph at lines 487--505

 []


Package Fancyhdr Warning: \headheight is too small (12.0pt): 
 Make it at least 14.49998pt.
 We now make it that large for the rest of the document.
 This may cause the page layout to be inconsistent, however.

[56]
Underfull \hbox (badness 10000) in paragraph at lines 506--525

 []

)

Package Fancyhdr Warning: \headheight is too small (12.0pt): 
 Make it at least 14.49998pt.
 We now make it that large for the rest of the document.
 This may cause the page layout to be inconsistent, however.

[57]
\openout2 = `Section11.aux'.

 (./Section11.tex
Underfull \hbox (badness 10000) in paragraph at lines 6--19

 []


Underfull \hbox (badness 10000) in paragraph at lines 20--42

 []


Underfull \hbox (badness 10000) in paragraph at lines 20--42

 []


Underfull \hbox (badness 10000) in paragraph at lines 20--42

 []


Underfull \hbox (badness 10000) in paragraph at lines 20--42

 []


Underfull \hbox (badness 1742) in paragraph at lines 114--114
\T1/ptm/m/n/12 and $\OMS/ztmcm/m/n/12 f\OT1/ztmcm/m/n/12 0\OML/ztmcm/m/it/12 :\
OT1/ztmcm/m/n/12 135\OML/ztmcm/m/it/12 ;  \OT1/ztmcm/m/n/12 0\OML/ztmcm/m/it/12
 :\OT1/ztmcm/m/n/12 638\OMS/ztmcm/m/n/12 g$ \T1/ptm/m/n/12 oth-er-wise, ex-cept
 when TASX < 150 m/s; then use
 []


Overfull \hbox (8.03352pt too wide) in paragraph at lines 44--131
[] 
 []


Underfull \hbox (badness 10000) in paragraph at lines 44--131

 []


Package Fancyhdr Warning: \headheight is too small (12.0pt): 
 Make it at least 14.49998pt.
 We now make it that large for the rest of the document.
 This may cause the page layout to be inconsistent, however.

[58


]
Underfull \vbox (badness 10000) has occurred while \output is active []



Package Fancyhdr Warning: \headheight is too small (12.0pt): 
 Make it at least 14.49998pt.
 We now make it that large for the rest of the document.
 This may cause the page layout to be inconsistent, however.

[59]
Underfull \vbox (badness 10000) has occurred while \output is active []



Package Fancyhdr Warning: \headheight is too small (12.0pt): 
 Make it at least 14.49998pt.
 We now make it that large for the rest of the document.
 This may cause the page layout to be inconsistent, however.

[60]

Package Fancyhdr Warning: \headheight is too small (12.0pt): 
 Make it at least 14.49998pt.
 We now make it that large for the rest of the document.
 This may cause the page layout to be inconsistent, however.

[61]
LaTeX Font Info:    Font shape `T1/ptm/bx/n' in size <10.95> not available
(Font)              Font shape `T1/ptm/b/n' tried instead on input line 278.


Package Fancyhdr Warning: \headheight is too small (12.0pt): 
 Make it at least 14.49998pt.
 We now make it that large for the rest of the document.
 This may cause the page layout to be inconsistent, however.

[62]
Underfull \hbox (badness 10000) in paragraph at lines 373--396

 []


Underfull \hbox (badness 10000) in paragraph at lines 398--425

 []


Underfull \hbox (badness 10000) in paragraph at lines 398--425

 []


Underfull \hbox (badness 10000) in paragraph at lines 426--449

 []


Underfull \hbox (badness 10000) in paragraph at lines 450--483

 []


Package Fancyhdr Warning: \headheight is too small (12.0pt): 
 Make it at least 14.49998pt.
 We now make it that large for the rest of the document.
 This may cause the page layout to be inconsistent, however.

[63]
Underfull \hbox (badness 10000) in paragraph at lines 484--519

 []


Underfull \vbox (badness 10000) has occurred while \output is active []



Package Fancyhdr Warning: \headheight is too small (12.0pt): 
 Make it at least 14.49998pt.
 We now make it that large for the rest of the document.
 This may cause the page layout to be inconsistent, however.

[64]
Underfull \hbox (badness 10000) in paragraph at lines 545--570

 []


Package prettyref Warning: Reference format subsec undefined on input line 607.



Package Fancyhdr Warning: \headheight is too small (12.0pt): 
 Make it at least 14.49998pt.
 We now make it that large for the rest of the document.
 This may cause the page layout to be inconsistent, however.

[65]
Underfull \hbox (badness 10000) in paragraph at lines 624--631

 []


Underfull \hbox (badness 10000) in paragraph at lines 632--653

 []


Underfull \hbox (badness 10000) in paragraph at lines 654--666

 []


Underfull \hbox (badness 10000) in paragraph at lines 667--673

 []


Underfull \hbox (badness 10000) in paragraph at lines 674--682

 []


Package Fancyhdr Warning: \headheight is too small (12.0pt): 
 Make it at least 14.49998pt.
 We now make it that large for the rest of the document.
 This may cause the page layout to be inconsistent, however.

[66]
Underfull \hbox (badness 10000) in paragraph at lines 683--688

 []


Underfull \hbox (badness 10000) in paragraph at lines 689--696

 []


Underfull \hbox (badness 10000) in paragraph at lines 697--703

 []


Underfull \hbox (badness 10000) in paragraph at lines 704--710

 []

)

Package Fancyhdr Warning: \headheight is too small (12.0pt): 
 Make it at least 14.49998pt.
 We now make it that large for the rest of the document.
 This may cause the page layout to be inconsistent, however.

[67]
\openout2 = `Section13.aux'.

 (./Section13.tex
Underfull \hbox (badness 10000) in paragraph at lines 18--52

 []


Overfull \hbox (8.03352pt too wide) in paragraph at lines 18--52
[] 
 []


Overfull \hbox (5.98721pt too wide) in paragraph at lines 53--110
\T1/ptm/m/it/12 Respectively, the car-bon diox-ide and methane mix-ing ra-tio m
ea-sured by a Pi-carro CO2/CH4
 []


Underfull \hbox (badness 10000) in paragraph at lines 53--110

 []


Overfull \hbox (24.0pt too wide) in paragraph at lines 53--110
[] 
 []


Package Fancyhdr Warning: \headheight is too small (12.0pt): 
 Make it at least 14.49998pt.
 We now make it that large for the rest of the document.
 This may cause the page layout to be inconsistent, however.

[68


]
Overfull \hbox (24.0pt too wide) in paragraph at lines 126--171
[] 
 []


Underfull \vbox (badness 10000) has occurred while \output is active []



Package Fancyhdr Warning: \headheight is too small (12.0pt): 
 Make it at least 14.49998pt.
 We now make it that large for the rest of the document.
 This may cause the page layout to be inconsistent, however.

[69]
Underfull \vbox (badness 10000) has occurred while \output is active []



Package Fancyhdr Warning: \headheight is too small (12.0pt): 
 Make it at least 14.49998pt.
 We now make it that large for the rest of the document.
 This may cause the page layout to be inconsistent, however.

[70]

Package Fancyhdr Warning: \headheight is too small (12.0pt): 
 Make it at least 14.49998pt.
 We now make it that large for the rest of the document.
 This may cause the page layout to be inconsistent, however.

[71])

Package Fancyhdr Warning: \headheight is too small (12.0pt): 
 Make it at least 14.49998pt.
 We now make it that large for the rest of the document.
 This may cause the page layout to be inconsistent, however.

[72]
\openout2 = `Section12.aux'.

 (./Section12.tex
LaTeX Font Info:    Try loading font information for LGR+ptm on input line 11.
LaTeX Font Info:    No file LGRptm.fd. on input line 11.


LaTeX Font Warning: Font shape `LGR/ptm/m/n' undefined
(Font)              using `LGR/cmr/m/n' instead on input line 11.


Underfull \hbox (badness 10000) in paragraph at lines 6--12

 []


Underfull \hbox (badness 10000) in paragraph at lines 60--60

 []


Underfull \hbox (badness 10000) in paragraph at lines 32--65

 []


Package Fancyhdr Warning: \headheight is too small (12.0pt): 
 Make it at least 14.49998pt.
 We now make it that large for the rest of the document.
 This may cause the page layout to be inconsistent, however.

[73


]
Underfull \hbox (badness 10000) in paragraph at lines 94--94

 []


Underfull \hbox (badness 10000) in paragraph at lines 67--95

 []


Underfull \hbox (badness 10000) in paragraph at lines 162--162

 []


Underfull \hbox (badness 10000) in paragraph at lines 162--162

 []


Underfull \hbox (badness 10000) in paragraph at lines 162--162

 []


Underfull \hbox (badness 10000) in paragraph at lines 105--191

 []


Overfull \hbox (24.0pt too wide) in paragraph at lines 105--191
[] 
 []


Underfull \hbox (badness 10000) in paragraph at lines 105--191

 []


Overfull \hbox (24.0pt too wide) in paragraph at lines 105--191
[] 
 []


Underfull \vbox (badness 10000) has occurred while \output is active []



Package Fancyhdr Warning: \headheight is too small (12.0pt): 
 Make it at least 14.49998pt.
 We now make it that large for the rest of the document.
 This may cause the page layout to be inconsistent, however.

[74]
Underfull \vbox (badness 10000) has occurred while \output is active []



Package Fancyhdr Warning: \headheight is too small (12.0pt): 
 Make it at least 14.49998pt.
 We now make it that large for the rest of the document.
 This may cause the page layout to be inconsistent, however.

[75]
Underfull \hbox (badness 10000) in paragraph at lines 249--249

 []


Underfull \hbox (badness 10000) in paragraph at lines 215--251

 []


Underfull \hbox (badness 10000) in paragraph at lines 215--251

 []


Underfull \hbox (badness 10000) in paragraph at lines 215--251

 []

pdfTeX warning (ext4): destination with the same identifier (name{CONCU}) has b
een already used, duplicate ignored
<to be read again> 
                   \relax 
l.260 ... channels (cm$^{3}$s$^{-1}$):}\nop{CONCU}
                                                  {}\nop{CONCP}{}\nop{CONCU1...

Underfull \hbox (badness 10000) in paragraph at lines 294--294

 []


Underfull \hbox (badness 10000) in paragraph at lines 260--296

 []


Underfull \hbox (badness 10000) in paragraph at lines 260--296

 []


Underfull \hbox (badness 10000) in paragraph at lines 260--296

 []


Package Fancyhdr Warning: \headheight is too small (12.0pt): 
 Make it at least 14.49998pt.
 We now make it that large for the rest of the document.
 This may cause the page layout to be inconsistent, however.

[76]
Underfull \hbox (badness 10000) in paragraph at lines 301--321

 []


Overfull \hbox (5.6135pt too wide) in paragraph at lines 301--321
\T1/ptm/m/n/12 dis-tri-bu-tions. The in-stru-ment is de-scribed here: [][]https
://www.eol.ucar.edu/instruments/giant-
 []

)

Package Fancyhdr Warning: \headheight is too small (12.0pt): 
 Make it at least 14.49998pt.
 We now make it that large for the rest of the document.
 This may cause the page layout to be inconsistent, however.

[77]
\openout2 = `Section10.aux'.

 (./Section10.tex
Underfull \hbox (badness 10000) in paragraph at lines 6--20

 []


Package Fancyhdr Warning: \headheight is too small (12.0pt): 
 Make it at least 14.49998pt.
 We now make it that large for the rest of the document.
 This may cause the page layout to be inconsistent, however.

[78


]
Underfull \hbox (badness 10000) in paragraph at lines 88--88

 []


Underfull \hbox (badness 10000) in paragraph at lines 114--114

 []


Underfull \hbox (badness 10000) in paragraph at lines 116--131

 []


Underfull \hbox (badness 10000) in paragraph at lines 132--141

 []


Package Fancyhdr Warning: \headheight is too small (12.0pt): 
 Make it at least 14.49998pt.
 We now make it that large for the rest of the document.
 This may cause the page layout to be inconsistent, however.

[79]
Underfull \hbox (badness 10000) in paragraph at lines 160--160

 []


Underfull \hbox (badness 10000) in paragraph at lines 142--161

 []


Underfull \hbox (badness 10000) in paragraph at lines 194--204

 []


Underfull \vbox (badness 10000) has occurred while \output is active []



Package Fancyhdr Warning: \headheight is too small (12.0pt): 
 Make it at least 14.49998pt.
 We now make it that large for the rest of the document.
 This may cause the page layout to be inconsistent, however.

[80]
Overfull \hbox (9.0479pt too wide) in paragraph at lines 255--255
\T1/ptm/m/n/12 = [] 
 []


Overfull \hbox (87.64743pt too wide) in paragraph at lines 255--255
[]$\OML/ztmcm/m/it/12 N$ \T1/ptm/m/n/12 = day num-ber[] = [] 
 []


Underfull \hbox (badness 10000) in paragraph at lines 206--256

 []


Underfull \hbox (badness 10000) in paragraph at lines 206--256

 []


Underfull \hbox (badness 10000) in paragraph at lines 297--297

 []


Underfull \hbox (badness 10000) in paragraph at lines 257--298

 []


Package Fancyhdr Warning: \headheight is too small (12.0pt): 
 Make it at least 14.49998pt.
 We now make it that large for the rest of the document.
 This may cause the page layout to be inconsistent, however.

[81]
Underfull \hbox (badness 10000) in paragraph at lines 305--327

 []


Overfull \hbox (8.03352pt too wide) in paragraph at lines 305--327
[] 
 []


Underfull \hbox (badness 10000) in paragraph at lines 305--327

 []

)

Package Fancyhdr Warning: \headheight is too small (12.0pt): 
 Make it at least 14.49998pt.
 We now make it that large for the rest of the document.
 This may cause the page layout to be inconsistent, however.

[82]

Package Fancyhdr Warning: \headheight is too small (12.0pt): 
 Make it at least 14.49998pt.
 We now make it that large for the rest of the document.
 This may cause the page layout to be inconsistent, however.

[83]
\openout2 = `Section14.aux'.

 (./Section14.tex)
Overfull \hbox (19.94202pt too wide) in paragraph at lines 4--197
\T1/ptm/m/n/12 projects also in-clude mea-sure-ments from in-stru-ments pro-vid
ed by in-ves-ti-ga-tors out-side NCAR/RAF.
 []


Package Fancyhdr Warning: \headheight is too small (12.0pt): 
 Make it at least 14.49998pt.
 We now make it that large for the rest of the document.
 This may cause the page layout to be inconsistent, however.

[84


]
\openout2 = `Section15.aux'.

 (./Section15.tex
Underfull \vbox (badness 10000) has occurred while \output is active []



Package Fancyhdr Warning: \headheight is too small (12.0pt): 
 Make it at least 14.49998pt.
 We now make it that large for the rest of the document.
 This may cause the page layout to be inconsistent, however.

[85


]
Underfull \hbox (badness 10000) in paragraph at lines 97--101

 []


Package Fancyhdr Warning: \headheight is too small (12.0pt): 
 Make it at least 14.49998pt.
 We now make it that large for the rest of the document.
 This may cause the page layout to be inconsistent, however.

[86]
Underfull \hbox (badness 10000) in paragraph at lines 120--122

 []


Package Fancyhdr Warning: \headheight is too small (12.0pt): 
 Make it at least 14.49998pt.
 We now make it that large for the rest of the document.
 This may cause the page layout to be inconsistent, however.

[87]
Underfull \hbox (badness 10000) in paragraph at lines 266--266

 []


Underfull \hbox (badness 10000) in paragraph at lines 266--266

 []


Underfull \hbox (badness 10000) in paragraph at lines 238--267

 []


Package Fancyhdr Warning: \headheight is too small (12.0pt): 
 Make it at least 14.49998pt.
 We now make it that large for the rest of the document.
 This may cause the page layout to be inconsistent, however.

[88]
Underfull \hbox (badness 10000) in paragraph at lines 344--344

 []


Underfull \hbox (badness 10000) in paragraph at lines 344--344

 []


Underfull \vbox (badness 10000) has occurred while \output is active []



Package Fancyhdr Warning: \headheight is too small (12.0pt): 
 Make it at least 14.49998pt.
 We now make it that large for the rest of the document.
 This may cause the page layout to be inconsistent, however.

[89]

Package Fancyhdr Warning: \headheight is too small (12.0pt): 
 Make it at least 14.49998pt.
 We now make it that large for the rest of the document.
 This may cause the page layout to be inconsistent, however.

[90]
Overfull \hbox (8.03352pt too wide) in paragraph at lines 354--381
[] 
 []


Underfull \hbox (badness 10000) in paragraph at lines 382--391

 []


Underfull \hbox (badness 10000) in paragraph at lines 412--412

 []


Underfull \hbox (badness 10000) in paragraph at lines 392--413

 []


Underfull \vbox (badness 7576) has occurred while \output is active []



Package Fancyhdr Warning: \headheight is too small (12.0pt): 
 Make it at least 14.49998pt.
 We now make it that large for the rest of the document.
 This may cause the page layout to be inconsistent, however.

[91]

Package Fancyhdr Warning: \headheight is too small (12.0pt): 
 Make it at least 14.49998pt.
 We now make it that large for the rest of the document.
 This may cause the page layout to be inconsistent, however.

[92]
Underfull \hbox (badness 10000) in paragraph at lines 516--516

 []


Underfull \hbox (badness 10000) in paragraph at lines 516--516

 []


Underfull \hbox (badness 10000) in paragraph at lines 486--517

 []


Underfull \hbox (badness 10000) in paragraph at lines 518--534

 []


Underfull \hbox (badness 10000) in paragraph at lines 535--553

 []


Package Fancyhdr Warning: \headheight is too small (12.0pt): 
 Make it at least 14.49998pt.
 We now make it that large for the rest of the document.
 This may cause the page layout to be inconsistent, however.

[93]
Underfull \hbox (badness 10000) in paragraph at lines 572--572

 []


Underfull \hbox (badness 10000) in paragraph at lines 554--573

 []


Underfull \hbox (badness 10000) in paragraph at lines 554--573

 []


Underfull \hbox (badness 10000) in paragraph at lines 597--597

 []


Overfull \hbox (24.0pt too wide) in paragraph at lines 574--599
[] 
 []


Underfull \hbox (badness 10000) in paragraph at lines 574--599

 []


Underfull \hbox (badness 10000) in paragraph at lines 574--599

 []


Underfull \hbox (badness 10000) in paragraph at lines 600--608

 []


Package Fancyhdr Warning: \headheight is too small (12.0pt): 
 Make it at least 14.49998pt.
 We now make it that large for the rest of the document.
 This may cause the page layout to be inconsistent, however.

[94]
Underfull \hbox (badness 10000) in paragraph at lines 610--614

 []

)

Package Fancyhdr Warning: \headheight is too small (12.0pt): 
 Make it at least 14.49998pt.
 We now make it that large for the rest of the document.
 This may cause the page layout to be inconsistent, however.

[95] (./ProcessingAlgorithms-lis.ind
Overfull \hbox (2.60735pt too wide) in paragraph at lines 53--55
[]$\OML/ztmcm/m/it/12 e[]$\T1/ptm/m/n/12 = wa-ter va-por pres-sure in an in-str
u-ment hous-
 []


Overfull \hbox (7.81921pt too wide) in paragraph at lines 70--72
[]$\OML/ztmcm/m/it/12 f\OT1/ztmcm/m/n/12 (\OML/ztmcm/m/it/12 p; T[]\OT1/ztmcm/m
/n/12 )$\T1/ptm/m/n/12 =water va-por pres-sure en-hance-ment fac-
 []


Overfull \hbox (11.859pt too wide) in paragraph at lines 89--91
[]$\OML/ztmcm/m/it/12 ^^U[]$\T1/ptm/m/n/12 = tro-po-spheric lapse rate, stan-da
rd at-mo-sphere,
 []


Overfull \hbox (2.77939pt too wide) in paragraph at lines 98--100
[]$\OML/ztmcm/m/it/12 M$\T1/ptm/m/n/12 = Mach num-ber, ra-tio of air-speed to t
he speed
 []

[96



]
Overfull \hbox (0.78702pt too wide) in paragraph at lines 143--145
[]$\OML/ztmcm/m/it/12 r$\T1/ptm/m/n/12 =water-vapor mix-ing ra-tio, di-men-sion
-less, [][]47[][],
 []


Overfull \hbox (4.5121pt too wide) in paragraph at lines 164--166
[]$\OML/ztmcm/m/it/12 T[]$\T1/ptm/m/n/12 =273.15K, tem-per-a-ture in kelvin cor
-re-spond-
 []


Package Fancyhdr Warning: \headheight is too small (12.0pt): 
 Make it at least 14.49998pt.
 We now make it that large for the rest of the document.
 This may cause the page layout to be inconsistent, however.

[97]) (./ProcessingAlgorithms-var.ind [98



]

Package Fancyhdr Warning: \headheight is too small (12.0pt): 
 Make it at least 14.49998pt.
 We now make it that large for the rest of the document.
 This may cause the page layout to be inconsistent, however.

[99]

Package Fancyhdr Warning: \headheight is too small (12.0pt): 
 Make it at least 14.49998pt.
 We now make it that large for the rest of the document.
 This may cause the page layout to be inconsistent, however.

[100]

Package Fancyhdr Warning: \headheight is too small (12.0pt): 
 Make it at least 14.49998pt.
 We now make it that large for the rest of the document.
 This may cause the page layout to be inconsistent, however.

[101]

Package Fancyhdr Warning: \headheight is too small (12.0pt): 
 Make it at least 14.49998pt.
 We now make it that large for the rest of the document.
 This may cause the page layout to be inconsistent, however.

[102

]) (./ProcessingAlgorithms-idx.ind [103



]

Package Fancyhdr Warning: \headheight is too small (12.0pt): 
 Make it at least 14.49998pt.
 We now make it that large for the rest of the document.
 This may cause the page layout to be inconsistent, however.

[104]

Package Fancyhdr Warning: \headheight is too small (12.0pt): 
 Make it at least 14.49998pt.
 We now make it that large for the rest of the document.
 This may cause the page layout to be inconsistent, however.

[105]

Package Fancyhdr Warning: \headheight is too small (12.0pt): 
 Make it at least 14.49998pt.
 We now make it that large for the rest of the document.
 This may cause the page layout to be inconsistent, however.

[106]
Overfull \hbox (16.87846pt too wide) in paragraph at lines 382--384
[]\T1/ptm/m/n/12 HARP, \T1/ptm/m/it/12 see \T1/ptm/m/n/12 HI-A-PER At-mo-spheri
c Ra-di-a-tion Pack-
 []


Package Fancyhdr Warning: \headheight is too small (12.0pt): 
 Make it at least 14.49998pt.
 We now make it that large for the rest of the document.
 This may cause the page layout to be inconsistent, however.

[107]

Package Fancyhdr Warning: \headheight is too small (12.0pt): 
 Make it at least 14.49998pt.
 We now make it that large for the rest of the document.
 This may cause the page layout to be inconsistent, however.

[108]

Package Fancyhdr Warning: \headheight is too small (12.0pt): 
 Make it at least 14.49998pt.
 We now make it that large for the rest of the document.
 This may cause the page layout to be inconsistent, however.

[109]

Package Fancyhdr Warning: \headheight is too small (12.0pt): 
 Make it at least 14.49998pt.
 We now make it that large for the rest of the document.
 This may cause the page layout to be inconsistent, however.

[110]

Package Fancyhdr Warning: \headheight is too small (12.0pt): 
 Make it at least 14.49998pt.
 We now make it that large for the rest of the document.
 This may cause the page layout to be inconsistent, however.

[111]

Package Fancyhdr Warning: \headheight is too small (12.0pt): 
 Make it at least 14.49998pt.
 We now make it that large for the rest of the document.
 This may cause the page layout to be inconsistent, however.

[112])
Overfull \hbox (100.0735pt too wide) in alignment at lines 219--223
 [] [] [] 
 []


Overfull \hbox (100.0735pt too wide) in alignment at lines 223--283
 [] [] [] 
 []


Underfull \vbox (badness 10000) detected at line 283
 []


Overfull \hbox (100.0735pt too wide) in alignment at lines 283--343
 [] [] [] 
 []


Overfull \hbox (100.0735pt too wide) in alignment at lines 343--397
 [] [] [] 
 []


Package Fancyhdr Warning: \headheight is too small (12.0pt): 
 Make it at least 14.49998pt.
 We now make it that large for the rest of the document.
 This may cause the page layout to be inconsistent, however.

[113


]
Overfull \hbox (100.0735pt too wide) in alignment at lines 397--404
 [] [] [] 
 []


Package Fancyhdr Warning: \headheight is too small (12.0pt): 
 Make it at least 14.49998pt.
 We now make it that large for the rest of the document.
 This may cause the page layout to be inconsistent, however.

[114]

Package Fancyhdr Warning: \headheight is too small (12.0pt): 
 Make it at least 14.49998pt.
 We now make it that large for the rest of the document.
 This may cause the page layout to be inconsistent, however.

[115]

Package Fancyhdr Warning: \headheight is too small (12.0pt): 
 Make it at least 14.49998pt.
 We now make it that large for the rest of the document.
 This may cause the page layout to be inconsistent, however.

[116]
Overfull \hbox (86.59871pt too wide) in paragraph at lines 466--469
\T1/lmtt/m/n/12 firefox http://www.eol.ucar.edu/system/files/ProcessingAlgorith
ms.pdf#nameddest=ATX 
 []


Overfull \hbox (37.19868pt too wide) in paragraph at lines 469--471
\T1/lmtt/m/n/12 evince -n ATX http://www.eol.ucar.edu/system/files/ProcessingAl
gorithms.pdf 
 []


Overfull \hbox (16.92612pt too wide) in paragraph at lines 479--483
\T1/ptm/m/n/12 FX-AZIM FXDIST GGALT GGLAT GGLON GGN-SAT GGOIDHT GGSPD GGSTA-TUS
 GGTRK
 []


Overfull \hbox (26.52469pt too wide) in paragraph at lines 493--501
\T1/ptm/m/n/12 SAS C1DC C1DP C200X C200Y C260X CCDP CF300 CF-SSP COMCP CONC1DC 
CONC1DC100
 []


Overfull \hbox (1.66237pt too wide) in paragraph at lines 493--501
\T1/ptm/m/n/12 DBARU DBARX DBARY DBZ DBZ1DC DBZ1DP DISP1DC DISP1DP DISP3 DISP6 
DISPD
 []


Overfull \hbox (2.86125pt too wide) in paragraph at lines 493--501
\T1/ptm/m/n/12 DISPF DISPP DISPU DISPX DISPY DT1DC FRANGE FRNG PLWC1 PLWC1DC PL
WC1DP
 []


Package Fancyhdr Warning: \headheight is too small (12.0pt): 
 Make it at least 14.49998pt.
 We now make it that large for the rest of the document.
 This may cause the page layout to be inconsistent, however.

[117]
Overfull \hbox (46.42592pt too wide) in paragraph at lines 555--556
[][][]\T1/ptm/m/n/12 https://drive.google.com/a/ucar.edu/file/d/0B1kIUH45ca5AWl
FWYXBDRlI1VnM[][][PcorCalculation.pdf] 
 []


Overfull \hbox (9.22697pt too wide) in paragraph at lines 557--558
[][][]\T1/ptm/m/n/12 https://drive.google.com/open?id=0B1kIUH45ca5AY0k0cTB6QlBE
QUU[][][checkCompFilter.pdf] 
 []


Overfull \hbox (50.57867pt too wide) in paragraph at lines 561--562
[][][]\T1/ptm/m/n/12 https://drive.google.com/open?id=0B1kIUH45ca5AOFpZUGxGVUg3
VWc[][][Bansemer2DProcessing.pdf] 
 []


Overfull \hbox (14.20644pt too wide) in paragraph at lines 563--565
[][][]\T1/ptm/m/n/12 https://drive.google.com/open?id=0B1kIUH45ca5ATkNyTlZVRm11
WDA[][] [HeightOfTer-rain.pdf] 
 []


Overfull \hbox (1.7752pt too wide) in paragraph at lines 566--568
[][][]\T1/ptm/m/n/12 https://drive.google.com/open?id=0B1kIUH45ca5AdVdRQ25BdG1G
UXc[][] [Cor-rec-tion for GPS
 []


Package Fancyhdr Warning: \headheight is too small (12.0pt): 
 Make it at least 14.49998pt.
 We now make it that large for the rest of the document.
 This may cause the page layout to be inconsistent, however.

[118]

Package Fancyhdr Warning: \headheight is too small (12.0pt): 
 Make it at least 14.49998pt.
 We now make it that large for the rest of the document.
 This may cause the page layout to be inconsistent, however.

[119]
Overfull \hbox (13.55643pt too wide) in paragraph at lines 639--640
[][][]\T1/ptm/m/n/12 http://www.eol.ucar.edu/instruments/gnss-instrument-system
-multi-static-and-occultation-sensing[][] 
 []


Overfull \hbox (4.55806pt too wide) in paragraph at lines 661--662
[][][]\T1/ptm/m/n/12 https://www.eol.ucar.edu/instruments/aero-laser-vuv-resona
nce-fluorescence-carbon-monoxide-
 []


Overfull \hbox (21.03346pt too wide) in paragraph at lines 667--668
[][][]\T1/ptm/m/n/12 https://www.eol.ucar.edu/instruments/thermo-environmental-
instruments-model-49-ozone-analyzer[][] 
 []


Overfull \hbox (86.14738pt too wide) in paragraph at lines 695--696
[][][]\T1/ptm/m/n/12 http://journals.ametsoc.org/doi/pdf/10.1175/1520-0450%2819
77%29016%3C0190%3APFIPP%3E2.0.CO%3B2[][] 
 []


Package Fancyhdr Warning: \headheight is too small (12.0pt): 
 Make it at least 14.49998pt.
 We now make it that large for the rest of the document.
 This may cause the page layout to be inconsistent, however.

[120]

Package Fancyhdr Warning: \headheight is too small (12.0pt): 
 Make it at least 14.49998pt.
 We now make it that large for the rest of the document.
 This may cause the page layout to be inconsistent, however.

[121]
Package atveryend Info: Empty hook `BeforeClearDocument' on input line 708.
Package atveryend Info: Empty hook `AfterLastShipout' on input line 708.
 (./ProcessingAlgorithms.aux (./Section1.aux) (./Section3.aux)
(./Section7.aux) (./Section9.aux) (./Section11.aux) (./Section13.aux)
(./Section12.aux) (./Section10.aux) (./Section14.aux) (./Section15.aux))
Package atveryend Info: Executing hook `AtVeryEndDocument' on input line 708.
Package atveryend Info: Executing hook `AtEndAfterFileList' on input line 708.
Package rerunfilecheck Info: File `ProcessingAlgorithms.out' has not changed.
(rerunfilecheck)             Checksum: 3EAFEE0A26230D4F227FBAF98F0BF93A;7981.


LaTeX Font Warning: Some font shapes were not available, defaults substituted.

Package atveryend Info: Empty hook `AtVeryVeryEnd' on input line 708.
 ) 
Here is how much of TeX's memory you used:
 13027 strings out of 493046
 180432 string characters out of 6137254
 290506 words of memory out of 5000000
 15619 multiletter control sequences out of 15000+600000
 115460 words of font info for 174 fonts, out of 8000000 for 9000
 1137 hyphenation exceptions out of 8191
 32i,16n,43p,471b,577s stack positions out of 5000i,500n,10000p,200000b,80000s
pdfTeX warning (dest): name{Hfootnote.55} has been referenced but does not ex
ist, replaced by a fixed one

pdfTeX warning (dest): name{Hfootnote.54} has been referenced but does not exis
t, replaced by a fixed one

pdfTeX warning (dest): name{Hfootnote.53} has been referenced but does not exis
t, replaced by a fixed one

pdfTeX warning (dest): name{Hfootnote.52} has been referenced but does not exis
t, replaced by a fixed one

{/usr/share/texlive/texmf-dist/fonts/enc/dvips/base/8r.enc}{/usr/share/texlive/
texmf-dist/fonts/enc/dvips/lm/lm-ec.enc}</usr/share/texlive/texmf-dist/fonts/ty
pe1/public/amsfonts/cm/cmex10.pfb></usr/share/texlive/texmf-dist/fonts/type1/pu
blic/amsfonts/cm/cmmi10.pfb></usr/share/texlive/texmf-dist/fonts/type1/public/a
msfonts/cm/cmr10.pfb></usr/share/texlive/texmf-dist/fonts/type1/public/amsfonts
/cm/cmsy10.pfb></usr/share/texlive/texmf-dist/fonts/type1/public/cbfonts/grmn12
00.pfb></usr/share/texlive/texmf-dist/fonts/type1/public/lm/lmtt10.pfb></usr/sh
are/texlive/texmf-dist/fonts/type1/public/lm/lmtt12.pfb></usr/share/texlive/tex
mf-dist/fonts/type1/urw/symbol/usyr.pfb></usr/share/texlive/texmf-dist/fonts/ty
pe1/urw/symbol/usyr.pfb></usr/share/texlive/texmf-dist/fonts/type1/urw/times/ut
mb8a.pfb></usr/share/texlive/texmf-dist/fonts/type1/urw/times/utmbi8a.pfb></usr
/share/texlive/texmf-dist/fonts/type1/urw/times/utmr8a.pfb></usr/share/texlive/
texmf-dist/fonts/type1/urw/times/utmr8a.pfb></usr/share/texlive/texmf-dist/font
s/type1/urw/times/utmri8a.pfb>
Output written on ProcessingAlgorithms.pdf (125 pages, 608363 bytes).
PDF statistics:
 3351 PDF objects out of 3580 (max. 8388607)
 3178 compressed objects within 32 object streams
 640 named destinations out of 1000 (max. 500000)
 353 words of extra memory for PDF output out of 10000 (max. 10000000)

